org/apache/tomcat/buildutil/Txt2Html.<init>()V,R,0,0
org/apache/tomcat/buildutil/Txt2Html.<init>()V,R,0,0
org/apache/tomcat/buildutil/Txt2Html.setTodir(Ljava/io/File;)V,R,0,0
org/apache/tomcat/buildutil/Txt2Html.setTodir(Ljava/io/File;)V,R,1,0
org/apache/tomcat/buildutil/Txt2Html.addFileset(Lorg/apache/tools/ant/types/FileSet;)V,R,0,0
org/apache/tomcat/buildutil/Txt2Html.addFileset(Lorg/apache/tools/ant/types/FileSet;)V,R,1,0
org/apache/tomcat/buildutil/Txt2Html.addFileset(Lorg/apache/tools/ant/types/FileSet;)V,R,0,0
org/apache/tomcat/buildutil/Txt2Html.addFileset(Lorg/apache/tools/ant/types/FileSet;)V,R,1,0
org/apache/tomcat/buildutil/Txt2Html.addFileset(Lorg/apache/tools/ant/types/FileSet;)V,R,0,0
org/apache/tomcat/buildutil/Txt2Html.addFileset(Lorg/apache/tools/ant/types/FileSet;)V,R,1,0
org/apache/tomcat/buildutil/Txt2Html.execute()V,W,1,0
org/apache/tomcat/buildutil/Txt2Html.execute()V,R,0,0
org/apache/tomcat/buildutil/Txt2Html.execute()V,W,2,0
org/apache/tomcat/buildutil/Txt2Html.execute()V,C,0,1
org/apache/tomcat/buildutil/Txt2Html.execute()V,R,2,1
org/apache/tomcat/buildutil/Txt2Html.execute()V,C,1,2
org/apache/tomcat/buildutil/Txt2Html.execute()V,R,2,2
org/apache/tomcat/buildutil/Txt2Html.execute()V,W,3,2
org/apache/tomcat/buildutil/Txt2Html.execute()V,R,3,2
org/apache/tomcat/buildutil/Txt2Html.execute()V,R,0,2
org/apache/tomcat/buildutil/Txt2Html.execute()V,W,4,2
org/apache/tomcat/buildutil/Txt2Html.execute()V,R,4,2
org/apache/tomcat/buildutil/Txt2Html.execute()V,W,5,2
org/apache/tomcat/buildutil/Txt2Html.execute()V,R,4,2
org/apache/tomcat/buildutil/Txt2Html.execute()V,W,6,2
org/apache/tomcat/buildutil/Txt2Html.execute()V,W,7,2
org/apache/tomcat/buildutil/Txt2Html.execute()V,C,2,3
org/apache/tomcat/buildutil/Txt2Html.execute()V,R,7,3
org/apache/tomcat/buildutil/Txt2Html.execute()V,R,6,3
org/apache/tomcat/buildutil/Txt2Html.execute()V,C,3,4
org/apache/tomcat/buildutil/Txt2Html.execute()V,R,5,4
org/apache/tomcat/buildutil/Txt2Html.execute()V,R,6,4
org/apache/tomcat/buildutil/Txt2Html.execute()V,R,7,4
org/apache/tomcat/buildutil/Txt2Html.execute()V,W,8,4
org/apache/tomcat/buildutil/Txt2Html.execute()V,R,0,4
org/apache/tomcat/buildutil/Txt2Html.execute()V,R,6,4
org/apache/tomcat/buildutil/Txt2Html.execute()V,R,7,4
org/apache/tomcat/buildutil/Txt2Html.execute()V,W,9,4
org/apache/tomcat/buildutil/Txt2Html.execute()V,R,9,4
org/apache/tomcat/buildutil/Txt2Html.execute()V,C,4,5
org/apache/tomcat/buildutil/Txt2Html.execute()V,R,8,5
org/apache/tomcat/buildutil/Txt2Html.execute()V,R,9,5
org/apache/tomcat/buildutil/Txt2Html.execute()V,C,5,10
org/apache/tomcat/buildutil/Txt2Html.execute()V,C,10,3
org/apache/tomcat/buildutil/Txt2Html.execute()V,R,7,3
org/apache/tomcat/buildutil/Txt2Html.execute()V,R,6,3
org/apache/tomcat/buildutil/Txt2Html.execute()V,C,3,11
org/apache/tomcat/buildutil/Txt2Html.execute()V,R,1,11
org/apache/tomcat/buildutil/Txt2Html.execute()V,C,11,16
org/apache/tomcat/buildutil/Txt2Html.execute()V,C,16,1
org/apache/tomcat/buildutil/Txt2Html.execute()V,R,2,1
org/apache/tomcat/buildutil/Txt2Html.execute()V,C,1,2
org/apache/tomcat/buildutil/Txt2Html.execute()V,R,2,2
org/apache/tomcat/buildutil/Txt2Html.execute()V,W,3,2
org/apache/tomcat/buildutil/Txt2Html.execute()V,R,3,2
org/apache/tomcat/buildutil/Txt2Html.execute()V,R,0,2
org/apache/tomcat/buildutil/Txt2Html.execute()V,W,4,2
org/apache/tomcat/buildutil/Txt2Html.execute()V,R,4,2
org/apache/tomcat/buildutil/Txt2Html.execute()V,W,5,2
org/apache/tomcat/buildutil/Txt2Html.execute()V,R,4,2
org/apache/tomcat/buildutil/Txt2Html.execute()V,W,6,2
org/apache/tomcat/buildutil/Txt2Html.execute()V,W,7,2
org/apache/tomcat/buildutil/Txt2Html.execute()V,C,2,3
org/apache/tomcat/buildutil/Txt2Html.execute()V,R,7,3
org/apache/tomcat/buildutil/Txt2Html.execute()V,R,6,3
org/apache/tomcat/buildutil/Txt2Html.execute()V,C,3,4
org/apache/tomcat/buildutil/Txt2Html.execute()V,R,5,4
org/apache/tomcat/buildutil/Txt2Html.execute()V,R,6,4
org/apache/tomcat/buildutil/Txt2Html.execute()V,R,7,4
org/apache/tomcat/buildutil/Txt2Html.execute()V,W,8,4
org/apache/tomcat/buildutil/Txt2Html.execute()V,R,0,4
org/apache/tomcat/buildutil/Txt2Html.execute()V,R,6,4
org/apache/tomcat/buildutil/Txt2Html.execute()V,R,7,4
org/apache/tomcat/buildutil/Txt2Html.execute()V,W,9,4
org/apache/tomcat/buildutil/Txt2Html.execute()V,R,9,4
org/apache/tomcat/buildutil/Txt2Html.execute()V,C,4,5
org/apache/tomcat/buildutil/Txt2Html.execute()V,R,8,5
org/apache/tomcat/buildutil/Txt2Html.execute()V,R,9,5
org/apache/tomcat/buildutil/Txt2Html.execute()V,C,5,10
org/apache/tomcat/buildutil/Txt2Html.execute()V,C,10,3
org/apache/tomcat/buildutil/Txt2Html.execute()V,R,7,3
org/apache/tomcat/buildutil/Txt2Html.execute()V,R,6,3
org/apache/tomcat/buildutil/Txt2Html.execute()V,C,3,4
org/apache/tomcat/buildutil/Txt2Html.execute()V,R,5,4
org/apache/tomcat/buildutil/Txt2Html.execute()V,R,6,4
org/apache/tomcat/buildutil/Txt2Html.execute()V,R,7,4
org/apache/tomcat/buildutil/Txt2Html.execute()V,W,8,4
org/apache/tomcat/buildutil/Txt2Html.execute()V,R,0,4
org/apache/tomcat/buildutil/Txt2Html.execute()V,R,6,4
org/apache/tomcat/buildutil/Txt2Html.execute()V,R,7,4
org/apache/tomcat/buildutil/Txt2Html.execute()V,W,9,4
org/apache/tomcat/buildutil/Txt2Html.execute()V,R,9,4
org/apache/tomcat/buildutil/Txt2Html.execute()V,C,4,5
org/apache/tomcat/buildutil/Txt2Html.execute()V,R,8,5
org/apache/tomcat/buildutil/Txt2Html.execute()V,R,9,5
org/apache/tomcat/buildutil/Txt2Html.execute()V,C,5,10
org/apache/tomcat/buildutil/Txt2Html.execute()V,C,10,3
org/apache/tomcat/buildutil/Txt2Html.execute()V,R,7,3
org/apache/tomcat/buildutil/Txt2Html.execute()V,R,6,3
org/apache/tomcat/buildutil/Txt2Html.execute()V,C,3,4
org/apache/tomcat/buildutil/Txt2Html.execute()V,R,5,4
org/apache/tomcat/buildutil/Txt2Html.execute()V,R,6,4
org/apache/tomcat/buildutil/Txt2Html.execute()V,R,7,4
org/apache/tomcat/buildutil/Txt2Html.execute()V,W,8,4
org/apache/tomcat/buildutil/Txt2Html.execute()V,R,0,4
org/apache/tomcat/buildutil/Txt2Html.execute()V,R,6,4
org/apache/tomcat/buildutil/Txt2Html.execute()V,R,7,4
org/apache/tomcat/buildutil/Txt2Html.execute()V,W,9,4
org/apache/tomcat/buildutil/Txt2Html.execute()V,R,9,4
org/apache/tomcat/buildutil/Txt2Html.execute()V,C,4,5
org/apache/tomcat/buildutil/Txt2Html.execute()V,R,8,5
org/apache/tomcat/buildutil/Txt2Html.execute()V,R,9,5
org/apache/tomcat/buildutil/Txt2Html.execute()V,C,5,10
org/apache/tomcat/buildutil/Txt2Html.execute()V,C,10,3
org/apache/tomcat/buildutil/Txt2Html.execute()V,R,7,3
org/apache/tomcat/buildutil/Txt2Html.execute()V,R,6,3
org/apache/tomcat/buildutil/Txt2Html.execute()V,C,3,11
org/apache/tomcat/buildutil/Txt2Html.execute()V,R,1,11
org/apache/tomcat/buildutil/Txt2Html.execute()V,C,11,16
org/apache/tomcat/buildutil/Txt2Html.execute()V,C,16,1
org/apache/tomcat/buildutil/Txt2Html.execute()V,R,2,1
org/apache/tomcat/buildutil/Txt2Html.execute()V,C,1,2
org/apache/tomcat/buildutil/Txt2Html.execute()V,R,2,2
org/apache/tomcat/buildutil/Txt2Html.execute()V,W,3,2
org/apache/tomcat/buildutil/Txt2Html.execute()V,R,3,2
org/apache/tomcat/buildutil/Txt2Html.execute()V,R,0,2
org/apache/tomcat/buildutil/Txt2Html.execute()V,W,4,2
org/apache/tomcat/buildutil/Txt2Html.execute()V,R,4,2
org/apache/tomcat/buildutil/Txt2Html.execute()V,W,5,2
org/apache/tomcat/buildutil/Txt2Html.execute()V,R,4,2
org/apache/tomcat/buildutil/Txt2Html.execute()V,W,6,2
org/apache/tomcat/buildutil/Txt2Html.execute()V,W,7,2
org/apache/tomcat/buildutil/Txt2Html.execute()V,C,2,3
org/apache/tomcat/buildutil/Txt2Html.execute()V,R,7,3
org/apache/tomcat/buildutil/Txt2Html.execute()V,R,6,3
org/apache/tomcat/buildutil/Txt2Html.execute()V,C,3,4
org/apache/tomcat/buildutil/Txt2Html.execute()V,R,5,4
org/apache/tomcat/buildutil/Txt2Html.execute()V,R,6,4
org/apache/tomcat/buildutil/Txt2Html.execute()V,R,7,4
org/apache/tomcat/buildutil/Txt2Html.execute()V,W,8,4
org/apache/tomcat/buildutil/Txt2Html.execute()V,R,0,4
org/apache/tomcat/buildutil/Txt2Html.execute()V,R,6,4
org/apache/tomcat/buildutil/Txt2Html.execute()V,R,7,4
org/apache/tomcat/buildutil/Txt2Html.execute()V,W,9,4
org/apache/tomcat/buildutil/Txt2Html.execute()V,R,9,4
org/apache/tomcat/buildutil/Txt2Html.execute()V,C,4,5
org/apache/tomcat/buildutil/Txt2Html.execute()V,R,8,5
org/apache/tomcat/buildutil/Txt2Html.execute()V,R,9,5
org/apache/tomcat/buildutil/Txt2Html.execute()V,C,5,10
org/apache/tomcat/buildutil/Txt2Html.execute()V,C,10,3
org/apache/tomcat/buildutil/Txt2Html.execute()V,R,7,3
org/apache/tomcat/buildutil/Txt2Html.execute()V,R,6,3
org/apache/tomcat/buildutil/Txt2Html.execute()V,C,3,11
org/apache/tomcat/buildutil/Txt2Html.execute()V,R,1,11
org/apache/tomcat/buildutil/Txt2Html.execute()V,C,11,16
org/apache/tomcat/buildutil/Txt2Html.execute()V,C,16,1
org/apache/tomcat/buildutil/Txt2Html.execute()V,R,2,1
org/apache/tomcat/buildutil/Txt2Html.execute()V,C,1,17
org/apache/tomcat/buildutil/Txt2Html.<init>()V,R,0,0
org/apache/tomcat/buildutil/Txt2Html.<init>()V,R,0,0
org/apache/tomcat/buildutil/Txt2Html.setTodir(Ljava/io/File;)V,R,0,0
org/apache/tomcat/buildutil/Txt2Html.setTodir(Ljava/io/File;)V,R,1,0
org/apache/tomcat/buildutil/Txt2Html.addFileset(Lorg/apache/tools/ant/types/FileSet;)V,R,0,0
org/apache/tomcat/buildutil/Txt2Html.addFileset(Lorg/apache/tools/ant/types/FileSet;)V,R,1,0
org/apache/tomcat/buildutil/Txt2Html.addFileset(Lorg/apache/tools/ant/types/FileSet;)V,R,0,0
org/apache/tomcat/buildutil/Txt2Html.addFileset(Lorg/apache/tools/ant/types/FileSet;)V,R,1,0
org/apache/tomcat/buildutil/Txt2Html.execute()V,W,1,0
org/apache/tomcat/buildutil/Txt2Html.execute()V,R,0,0
org/apache/tomcat/buildutil/Txt2Html.execute()V,W,2,0
org/apache/tomcat/buildutil/Txt2Html.execute()V,C,0,1
org/apache/tomcat/buildutil/Txt2Html.execute()V,R,2,1
org/apache/tomcat/buildutil/Txt2Html.execute()V,C,1,2
org/apache/tomcat/buildutil/Txt2Html.execute()V,R,2,2
org/apache/tomcat/buildutil/Txt2Html.execute()V,W,3,2
org/apache/tomcat/buildutil/Txt2Html.execute()V,R,3,2
org/apache/tomcat/buildutil/Txt2Html.execute()V,R,0,2
org/apache/tomcat/buildutil/Txt2Html.execute()V,W,4,2
org/apache/tomcat/buildutil/Txt2Html.execute()V,R,4,2
org/apache/tomcat/buildutil/Txt2Html.execute()V,W,5,2
org/apache/tomcat/buildutil/Txt2Html.execute()V,R,4,2
org/apache/tomcat/buildutil/Txt2Html.execute()V,W,6,2
org/apache/tomcat/buildutil/Txt2Html.execute()V,W,7,2
org/apache/tomcat/buildutil/Txt2Html.execute()V,C,2,3
org/apache/tomcat/buildutil/Txt2Html.execute()V,R,7,3
org/apache/tomcat/buildutil/Txt2Html.execute()V,R,6,3
org/apache/tomcat/buildutil/Txt2Html.execute()V,C,3,4
org/apache/tomcat/buildutil/Txt2Html.execute()V,R,5,4
org/apache/tomcat/buildutil/Txt2Html.execute()V,R,6,4
org/apache/tomcat/buildutil/Txt2Html.execute()V,R,7,4
org/apache/tomcat/buildutil/Txt2Html.execute()V,W,8,4
org/apache/tomcat/buildutil/Txt2Html.execute()V,R,0,4
org/apache/tomcat/buildutil/Txt2Html.execute()V,R,6,4
org/apache/tomcat/buildutil/Txt2Html.execute()V,R,7,4
org/apache/tomcat/buildutil/Txt2Html.execute()V,W,9,4
org/apache/tomcat/buildutil/Txt2Html.execute()V,R,9,4
org/apache/tomcat/buildutil/Txt2Html.execute()V,C,4,5
org/apache/tomcat/buildutil/Txt2Html.execute()V,R,8,5
org/apache/tomcat/buildutil/Txt2Html.execute()V,R,9,5
org/apache/tomcat/buildutil/Txt2Html.execute()V,C,5,10
org/apache/tomcat/buildutil/Txt2Html.execute()V,C,10,3
org/apache/tomcat/buildutil/Txt2Html.execute()V,R,7,3
org/apache/tomcat/buildutil/Txt2Html.execute()V,R,6,3
org/apache/tomcat/buildutil/Txt2Html.execute()V,C,3,11
org/apache/tomcat/buildutil/Txt2Html.execute()V,R,1,11
org/apache/tomcat/buildutil/Txt2Html.execute()V,C,11,16
org/apache/tomcat/buildutil/Txt2Html.execute()V,C,16,1
org/apache/tomcat/buildutil/Txt2Html.execute()V,R,2,1
org/apache/tomcat/buildutil/Txt2Html.execute()V,C,1,2
org/apache/tomcat/buildutil/Txt2Html.execute()V,R,2,2
org/apache/tomcat/buildutil/Txt2Html.execute()V,W,3,2
org/apache/tomcat/buildutil/Txt2Html.execute()V,R,3,2
org/apache/tomcat/buildutil/Txt2Html.execute()V,R,0,2
org/apache/tomcat/buildutil/Txt2Html.execute()V,W,4,2
org/apache/tomcat/buildutil/Txt2Html.execute()V,R,4,2
org/apache/tomcat/buildutil/Txt2Html.execute()V,W,5,2
org/apache/tomcat/buildutil/Txt2Html.execute()V,R,4,2
org/apache/tomcat/buildutil/Txt2Html.execute()V,W,6,2
org/apache/tomcat/buildutil/Txt2Html.execute()V,W,7,2
org/apache/tomcat/buildutil/Txt2Html.execute()V,C,2,3
org/apache/tomcat/buildutil/Txt2Html.execute()V,R,7,3
org/apache/tomcat/buildutil/Txt2Html.execute()V,R,6,3
org/apache/tomcat/buildutil/Txt2Html.execute()V,C,3,4
org/apache/tomcat/buildutil/Txt2Html.execute()V,R,5,4
org/apache/tomcat/buildutil/Txt2Html.execute()V,R,6,4
org/apache/tomcat/buildutil/Txt2Html.execute()V,R,7,4
org/apache/tomcat/buildutil/Txt2Html.execute()V,W,8,4
org/apache/tomcat/buildutil/Txt2Html.execute()V,R,0,4
org/apache/tomcat/buildutil/Txt2Html.execute()V,R,6,4
org/apache/tomcat/buildutil/Txt2Html.execute()V,R,7,4
org/apache/tomcat/buildutil/Txt2Html.execute()V,W,9,4
org/apache/tomcat/buildutil/Txt2Html.execute()V,R,9,4
org/apache/tomcat/buildutil/Txt2Html.execute()V,C,4,5
org/apache/tomcat/buildutil/Txt2Html.execute()V,R,8,5
org/apache/tomcat/buildutil/Txt2Html.execute()V,R,9,5
org/apache/tomcat/buildutil/Txt2Html.execute()V,C,5,10
org/apache/tomcat/buildutil/Txt2Html.execute()V,C,10,3
org/apache/tomcat/buildutil/Txt2Html.execute()V,R,7,3
org/apache/tomcat/buildutil/Txt2Html.execute()V,R,6,3
org/apache/tomcat/buildutil/Txt2Html.execute()V,C,3,4
org/apache/tomcat/buildutil/Txt2Html.execute()V,R,5,4
org/apache/tomcat/buildutil/Txt2Html.execute()V,R,6,4
org/apache/tomcat/buildutil/Txt2Html.execute()V,R,7,4
org/apache/tomcat/buildutil/Txt2Html.execute()V,W,8,4
org/apache/tomcat/buildutil/Txt2Html.execute()V,R,0,4
org/apache/tomcat/buildutil/Txt2Html.execute()V,R,6,4
org/apache/tomcat/buildutil/Txt2Html.execute()V,R,7,4
org/apache/tomcat/buildutil/Txt2Html.execute()V,W,9,4
org/apache/tomcat/buildutil/Txt2Html.execute()V,R,9,4
org/apache/tomcat/buildutil/Txt2Html.execute()V,C,4,5
org/apache/tomcat/buildutil/Txt2Html.execute()V,R,8,5
org/apache/tomcat/buildutil/Txt2Html.execute()V,R,9,5
org/apache/tomcat/buildutil/Txt2Html.execute()V,C,5,10
org/apache/tomcat/buildutil/Txt2Html.execute()V,C,10,3
org/apache/tomcat/buildutil/Txt2Html.execute()V,R,7,3
org/apache/tomcat/buildutil/Txt2Html.execute()V,R,6,3
org/apache/tomcat/buildutil/Txt2Html.execute()V,C,3,4
org/apache/tomcat/buildutil/Txt2Html.execute()V,R,5,4
org/apache/tomcat/buildutil/Txt2Html.execute()V,R,6,4
org/apache/tomcat/buildutil/Txt2Html.execute()V,R,7,4
org/apache/tomcat/buildutil/Txt2Html.execute()V,W,8,4
org/apache/tomcat/buildutil/Txt2Html.execute()V,R,0,4
org/apache/tomcat/buildutil/Txt2Html.execute()V,R,6,4
org/apache/tomcat/buildutil/Txt2Html.execute()V,R,7,4
org/apache/tomcat/buildutil/Txt2Html.execute()V,W,9,4
org/apache/tomcat/buildutil/Txt2Html.execute()V,R,9,4
org/apache/tomcat/buildutil/Txt2Html.execute()V,C,4,5
org/apache/tomcat/buildutil/Txt2Html.execute()V,R,8,5
org/apache/tomcat/buildutil/Txt2Html.execute()V,R,9,5
org/apache/tomcat/buildutil/Txt2Html.execute()V,C,5,10
org/apache/tomcat/buildutil/Txt2Html.execute()V,C,10,3
org/apache/tomcat/buildutil/Txt2Html.execute()V,R,7,3
org/apache/tomcat/buildutil/Txt2Html.execute()V,R,6,3
org/apache/tomcat/buildutil/Txt2Html.execute()V,C,3,11
org/apache/tomcat/buildutil/Txt2Html.execute()V,R,1,11
org/apache/tomcat/buildutil/Txt2Html.execute()V,C,11,16
org/apache/tomcat/buildutil/Txt2Html.execute()V,C,16,1
org/apache/tomcat/buildutil/Txt2Html.execute()V,R,2,1
org/apache/tomcat/buildutil/Txt2Html.execute()V,C,1,17
org/apache/tomcat/buildutil/Txt2Html.<init>()V,R,0,0
org/apache/tomcat/buildutil/Txt2Html.<init>()V,R,0,0
org/apache/tomcat/buildutil/Txt2Html.setTodir(Ljava/io/File;)V,R,0,0
org/apache/tomcat/buildutil/Txt2Html.setTodir(Ljava/io/File;)V,R,1,0
org/apache/tomcat/buildutil/Txt2Html.addFileset(Lorg/apache/tools/ant/types/FileSet;)V,R,0,0
org/apache/tomcat/buildutil/Txt2Html.addFileset(Lorg/apache/tools/ant/types/FileSet;)V,R,1,0
org/apache/tomcat/buildutil/Txt2Html.execute()V,W,1,0
org/apache/tomcat/buildutil/Txt2Html.execute()V,R,0,0
org/apache/tomcat/buildutil/Txt2Html.execute()V,W,2,0
org/apache/tomcat/buildutil/Txt2Html.execute()V,C,0,1
org/apache/tomcat/buildutil/Txt2Html.execute()V,R,2,1
org/apache/tomcat/buildutil/Txt2Html.execute()V,C,1,2
org/apache/tomcat/buildutil/Txt2Html.execute()V,R,2,2
org/apache/tomcat/buildutil/Txt2Html.execute()V,W,3,2
org/apache/tomcat/buildutil/Txt2Html.execute()V,R,3,2
org/apache/tomcat/buildutil/Txt2Html.execute()V,R,0,2
org/apache/tomcat/buildutil/Txt2Html.execute()V,W,4,2
org/apache/tomcat/buildutil/Txt2Html.execute()V,R,4,2
org/apache/tomcat/buildutil/Txt2Html.execute()V,W,5,2
org/apache/tomcat/buildutil/Txt2Html.execute()V,R,4,2
org/apache/tomcat/buildutil/Txt2Html.execute()V,W,6,2
org/apache/tomcat/buildutil/Txt2Html.execute()V,W,7,2
org/apache/tomcat/buildutil/Txt2Html.execute()V,C,2,3
org/apache/tomcat/buildutil/Txt2Html.execute()V,R,7,3
org/apache/tomcat/buildutil/Txt2Html.execute()V,R,6,3
org/apache/tomcat/buildutil/Txt2Html.execute()V,C,3,4
org/apache/tomcat/buildutil/Txt2Html.execute()V,R,5,4
org/apache/tomcat/buildutil/Txt2Html.execute()V,R,6,4
org/apache/tomcat/buildutil/Txt2Html.execute()V,R,7,4
org/apache/tomcat/buildutil/Txt2Html.execute()V,W,8,4
org/apache/tomcat/buildutil/Txt2Html.execute()V,R,0,4
org/apache/tomcat/buildutil/Txt2Html.execute()V,R,6,4
org/apache/tomcat/buildutil/Txt2Html.execute()V,R,7,4
org/apache/tomcat/buildutil/Txt2Html.execute()V,W,9,4
org/apache/tomcat/buildutil/Txt2Html.execute()V,R,9,4
org/apache/tomcat/buildutil/Txt2Html.execute()V,C,4,5
org/apache/tomcat/buildutil/Txt2Html.execute()V,R,8,5
org/apache/tomcat/buildutil/Txt2Html.execute()V,R,9,5
org/apache/tomcat/buildutil/Txt2Html.execute()V,C,5,10
org/apache/tomcat/buildutil/Txt2Html.execute()V,C,10,3
org/apache/tomcat/buildutil/Txt2Html.execute()V,R,7,3
org/apache/tomcat/buildutil/Txt2Html.execute()V,R,6,3
org/apache/tomcat/buildutil/Txt2Html.execute()V,C,3,4
org/apache/tomcat/buildutil/Txt2Html.execute()V,R,5,4
org/apache/tomcat/buildutil/Txt2Html.execute()V,R,6,4
org/apache/tomcat/buildutil/Txt2Html.execute()V,R,7,4
org/apache/tomcat/buildutil/Txt2Html.execute()V,W,8,4
org/apache/tomcat/buildutil/Txt2Html.execute()V,R,0,4
org/apache/tomcat/buildutil/Txt2Html.execute()V,R,6,4
org/apache/tomcat/buildutil/Txt2Html.execute()V,R,7,4
org/apache/tomcat/buildutil/Txt2Html.execute()V,W,9,4
org/apache/tomcat/buildutil/Txt2Html.execute()V,R,9,4
org/apache/tomcat/buildutil/Txt2Html.execute()V,C,4,5
org/apache/tomcat/buildutil/Txt2Html.execute()V,R,8,5
org/apache/tomcat/buildutil/Txt2Html.execute()V,R,9,5
org/apache/tomcat/buildutil/Txt2Html.execute()V,C,5,10
org/apache/tomcat/buildutil/Txt2Html.execute()V,C,10,3
org/apache/tomcat/buildutil/Txt2Html.execute()V,R,7,3
org/apache/tomcat/buildutil/Txt2Html.execute()V,R,6,3
org/apache/tomcat/buildutil/Txt2Html.execute()V,C,3,4
org/apache/tomcat/buildutil/Txt2Html.execute()V,R,5,4
org/apache/tomcat/buildutil/Txt2Html.execute()V,R,6,4
org/apache/tomcat/buildutil/Txt2Html.execute()V,R,7,4
org/apache/tomcat/buildutil/Txt2Html.execute()V,W,8,4
org/apache/tomcat/buildutil/Txt2Html.execute()V,R,0,4
org/apache/tomcat/buildutil/Txt2Html.execute()V,R,6,4
org/apache/tomcat/buildutil/Txt2Html.execute()V,R,7,4
org/apache/tomcat/buildutil/Txt2Html.execute()V,W,9,4
org/apache/tomcat/buildutil/Txt2Html.execute()V,R,9,4
org/apache/tomcat/buildutil/Txt2Html.execute()V,C,4,5
org/apache/tomcat/buildutil/Txt2Html.execute()V,R,8,5
org/apache/tomcat/buildutil/Txt2Html.execute()V,R,9,5
org/apache/tomcat/buildutil/Txt2Html.execute()V,C,5,10
org/apache/tomcat/buildutil/Txt2Html.execute()V,C,10,3
org/apache/tomcat/buildutil/Txt2Html.execute()V,R,7,3
org/apache/tomcat/buildutil/Txt2Html.execute()V,R,6,3
org/apache/tomcat/buildutil/Txt2Html.execute()V,C,3,4
org/apache/tomcat/buildutil/Txt2Html.execute()V,R,5,4
org/apache/tomcat/buildutil/Txt2Html.execute()V,R,6,4
org/apache/tomcat/buildutil/Txt2Html.execute()V,R,7,4
org/apache/tomcat/buildutil/Txt2Html.execute()V,W,8,4
org/apache/tomcat/buildutil/Txt2Html.execute()V,R,0,4
org/apache/tomcat/buildutil/Txt2Html.execute()V,R,6,4
org/apache/tomcat/buildutil/Txt2Html.execute()V,R,7,4
org/apache/tomcat/buildutil/Txt2Html.execute()V,W,9,4
org/apache/tomcat/buildutil/Txt2Html.execute()V,R,9,4
org/apache/tomcat/buildutil/Txt2Html.execute()V,C,4,5
org/apache/tomcat/buildutil/Txt2Html.execute()V,R,8,5
org/apache/tomcat/buildutil/Txt2Html.execute()V,R,9,5
org/apache/tomcat/buildutil/Txt2Html.execute()V,C,5,10
org/apache/tomcat/buildutil/Txt2Html.execute()V,C,10,3
org/apache/tomcat/buildutil/Txt2Html.execute()V,R,7,3
org/apache/tomcat/buildutil/Txt2Html.execute()V,R,6,3
org/apache/tomcat/buildutil/Txt2Html.execute()V,C,3,11
org/apache/tomcat/buildutil/Txt2Html.execute()V,R,1,11
org/apache/tomcat/buildutil/Txt2Html.execute()V,C,11,16
org/apache/tomcat/buildutil/Txt2Html.execute()V,C,16,1
org/apache/tomcat/buildutil/Txt2Html.execute()V,R,2,1
org/apache/tomcat/buildutil/Txt2Html.execute()V,C,1,17
org/apache/tomcat/buildutil/Txt2Html.<init>()V,R,0,0
org/apache/tomcat/buildutil/Txt2Html.<init>()V,R,0,0
org/apache/tomcat/buildutil/Txt2Html.setTodir(Ljava/io/File;)V,R,0,0
org/apache/tomcat/buildutil/Txt2Html.setTodir(Ljava/io/File;)V,R,1,0
org/apache/tomcat/buildutil/Txt2Html.addFileset(Lorg/apache/tools/ant/types/FileSet;)V,R,0,0
org/apache/tomcat/buildutil/Txt2Html.addFileset(Lorg/apache/tools/ant/types/FileSet;)V,R,1,0
org/apache/tomcat/buildutil/Txt2Html.execute()V,W,1,0
org/apache/tomcat/buildutil/Txt2Html.execute()V,R,0,0
org/apache/tomcat/buildutil/Txt2Html.execute()V,W,2,0
org/apache/tomcat/buildutil/Txt2Html.execute()V,C,0,1
org/apache/tomcat/buildutil/Txt2Html.execute()V,R,2,1
org/apache/tomcat/buildutil/Txt2Html.execute()V,C,1,2
org/apache/tomcat/buildutil/Txt2Html.execute()V,R,2,2
org/apache/tomcat/buildutil/Txt2Html.execute()V,W,3,2
org/apache/tomcat/buildutil/Txt2Html.execute()V,R,3,2
org/apache/tomcat/buildutil/Txt2Html.execute()V,R,0,2
org/apache/tomcat/buildutil/Txt2Html.execute()V,W,4,2
org/apache/tomcat/buildutil/Txt2Html.execute()V,R,4,2
org/apache/tomcat/buildutil/Txt2Html.execute()V,W,5,2
org/apache/tomcat/buildutil/Txt2Html.execute()V,R,4,2
org/apache/tomcat/buildutil/Txt2Html.execute()V,W,6,2
org/apache/tomcat/buildutil/Txt2Html.execute()V,W,7,2
org/apache/tomcat/buildutil/Txt2Html.execute()V,C,2,3
org/apache/tomcat/buildutil/Txt2Html.execute()V,R,7,3
org/apache/tomcat/buildutil/Txt2Html.execute()V,R,6,3
org/apache/tomcat/buildutil/Txt2Html.execute()V,C,3,4
org/apache/tomcat/buildutil/Txt2Html.execute()V,R,5,4
org/apache/tomcat/buildutil/Txt2Html.execute()V,R,6,4
org/apache/tomcat/buildutil/Txt2Html.execute()V,R,7,4
org/apache/tomcat/buildutil/Txt2Html.execute()V,W,8,4
org/apache/tomcat/buildutil/Txt2Html.execute()V,R,0,4
org/apache/tomcat/buildutil/Txt2Html.execute()V,R,6,4
org/apache/tomcat/buildutil/Txt2Html.execute()V,R,7,4
org/apache/tomcat/buildutil/Txt2Html.execute()V,W,9,4
org/apache/tomcat/buildutil/Txt2Html.execute()V,R,9,4
org/apache/tomcat/buildutil/Txt2Html.execute()V,C,4,5
org/apache/tomcat/buildutil/Txt2Html.execute()V,R,8,5
org/apache/tomcat/buildutil/Txt2Html.execute()V,R,9,5
org/apache/tomcat/buildutil/Txt2Html.execute()V,C,5,10
org/apache/tomcat/buildutil/Txt2Html.execute()V,C,10,3
org/apache/tomcat/buildutil/Txt2Html.execute()V,R,7,3
org/apache/tomcat/buildutil/Txt2Html.execute()V,R,6,3
org/apache/tomcat/buildutil/Txt2Html.execute()V,C,3,11
org/apache/tomcat/buildutil/Txt2Html.execute()V,R,1,11
org/apache/tomcat/buildutil/Txt2Html.execute()V,C,11,16
org/apache/tomcat/buildutil/Txt2Html.execute()V,C,16,1
org/apache/tomcat/buildutil/Txt2Html.execute()V,R,2,1
org/apache/tomcat/buildutil/Txt2Html.execute()V,C,1,17
org/apache/tomcat/buildutil/Txt2Html.<init>()V,R,0,0
org/apache/tomcat/buildutil/Txt2Html.<init>()V,R,0,0
org/apache/tomcat/buildutil/Txt2Html.setTodir(Ljava/io/File;)V,R,0,0
org/apache/tomcat/buildutil/Txt2Html.setTodir(Ljava/io/File;)V,R,1,0
org/apache/tomcat/buildutil/Txt2Html.addFileset(Lorg/apache/tools/ant/types/FileSet;)V,R,0,0
org/apache/tomcat/buildutil/Txt2Html.addFileset(Lorg/apache/tools/ant/types/FileSet;)V,R,1,0
org/apache/tomcat/buildutil/Txt2Html.addFileset(Lorg/apache/tools/ant/types/FileSet;)V,R,0,0
org/apache/tomcat/buildutil/Txt2Html.addFileset(Lorg/apache/tools/ant/types/FileSet;)V,R,1,0
org/apache/tomcat/buildutil/Txt2Html.addFileset(Lorg/apache/tools/ant/types/FileSet;)V,R,0,0
org/apache/tomcat/buildutil/Txt2Html.addFileset(Lorg/apache/tools/ant/types/FileSet;)V,R,1,0
org/apache/tomcat/buildutil/Txt2Html.execute()V,W,1,0
org/apache/tomcat/buildutil/Txt2Html.execute()V,R,0,0
org/apache/tomcat/buildutil/Txt2Html.execute()V,W,2,0
org/apache/tomcat/buildutil/Txt2Html.execute()V,C,0,1
org/apache/tomcat/buildutil/Txt2Html.execute()V,R,2,1
org/apache/tomcat/buildutil/Txt2Html.execute()V,C,1,2
org/apache/tomcat/buildutil/Txt2Html.execute()V,R,2,2
org/apache/tomcat/buildutil/Txt2Html.execute()V,W,3,2
org/apache/tomcat/buildutil/Txt2Html.execute()V,R,3,2
org/apache/tomcat/buildutil/Txt2Html.execute()V,R,0,2
org/apache/tomcat/buildutil/Txt2Html.execute()V,W,4,2
org/apache/tomcat/buildutil/Txt2Html.execute()V,R,4,2
org/apache/tomcat/buildutil/Txt2Html.execute()V,W,5,2
org/apache/tomcat/buildutil/Txt2Html.execute()V,R,4,2
org/apache/tomcat/buildutil/Txt2Html.execute()V,W,6,2
org/apache/tomcat/buildutil/Txt2Html.execute()V,W,7,2
org/apache/tomcat/buildutil/Txt2Html.execute()V,C,2,3
org/apache/tomcat/buildutil/Txt2Html.execute()V,R,7,3
org/apache/tomcat/buildutil/Txt2Html.execute()V,R,6,3
org/apache/tomcat/buildutil/Txt2Html.execute()V,C,3,4
org/apache/tomcat/buildutil/Txt2Html.execute()V,R,5,4
org/apache/tomcat/buildutil/Txt2Html.execute()V,R,6,4
org/apache/tomcat/buildutil/Txt2Html.execute()V,R,7,4
org/apache/tomcat/buildutil/Txt2Html.execute()V,W,8,4
org/apache/tomcat/buildutil/Txt2Html.execute()V,R,0,4
org/apache/tomcat/buildutil/Txt2Html.execute()V,R,6,4
org/apache/tomcat/buildutil/Txt2Html.execute()V,R,7,4
org/apache/tomcat/buildutil/Txt2Html.execute()V,W,9,4
org/apache/tomcat/buildutil/Txt2Html.execute()V,R,9,4
org/apache/tomcat/buildutil/Txt2Html.execute()V,C,4,5
org/apache/tomcat/buildutil/Txt2Html.execute()V,R,8,5
org/apache/tomcat/buildutil/Txt2Html.execute()V,R,9,5
org/apache/tomcat/buildutil/Txt2Html.execute()V,C,5,10
org/apache/tomcat/buildutil/Txt2Html.execute()V,C,10,3
org/apache/tomcat/buildutil/Txt2Html.execute()V,R,7,3
org/apache/tomcat/buildutil/Txt2Html.execute()V,R,6,3
org/apache/tomcat/buildutil/Txt2Html.execute()V,C,3,11
org/apache/tomcat/buildutil/Txt2Html.execute()V,R,1,11
org/apache/tomcat/buildutil/Txt2Html.execute()V,C,11,16
org/apache/tomcat/buildutil/Txt2Html.execute()V,C,16,1
org/apache/tomcat/buildutil/Txt2Html.execute()V,R,2,1
org/apache/tomcat/buildutil/Txt2Html.execute()V,C,1,2
org/apache/tomcat/buildutil/Txt2Html.execute()V,R,2,2
org/apache/tomcat/buildutil/Txt2Html.execute()V,W,3,2
org/apache/tomcat/buildutil/Txt2Html.execute()V,R,3,2
org/apache/tomcat/buildutil/Txt2Html.execute()V,R,0,2
org/apache/tomcat/buildutil/Txt2Html.execute()V,W,4,2
org/apache/tomcat/buildutil/Txt2Html.execute()V,R,4,2
org/apache/tomcat/buildutil/Txt2Html.execute()V,W,5,2
org/apache/tomcat/buildutil/Txt2Html.execute()V,R,4,2
org/apache/tomcat/buildutil/Txt2Html.execute()V,W,6,2
org/apache/tomcat/buildutil/Txt2Html.execute()V,W,7,2
org/apache/tomcat/buildutil/Txt2Html.execute()V,C,2,3
org/apache/tomcat/buildutil/Txt2Html.execute()V,R,7,3
org/apache/tomcat/buildutil/Txt2Html.execute()V,R,6,3
org/apache/tomcat/buildutil/Txt2Html.execute()V,C,3,4
org/apache/tomcat/buildutil/Txt2Html.execute()V,R,5,4
org/apache/tomcat/buildutil/Txt2Html.execute()V,R,6,4
org/apache/tomcat/buildutil/Txt2Html.execute()V,R,7,4
org/apache/tomcat/buildutil/Txt2Html.execute()V,W,8,4
org/apache/tomcat/buildutil/Txt2Html.execute()V,R,0,4
org/apache/tomcat/buildutil/Txt2Html.execute()V,R,6,4
org/apache/tomcat/buildutil/Txt2Html.execute()V,R,7,4
org/apache/tomcat/buildutil/Txt2Html.execute()V,W,9,4
org/apache/tomcat/buildutil/Txt2Html.execute()V,R,9,4
org/apache/tomcat/buildutil/Txt2Html.execute()V,C,4,5
org/apache/tomcat/buildutil/Txt2Html.execute()V,R,8,5
org/apache/tomcat/buildutil/Txt2Html.execute()V,R,9,5
org/apache/tomcat/buildutil/Txt2Html.execute()V,C,5,10
org/apache/tomcat/buildutil/Txt2Html.execute()V,C,10,3
org/apache/tomcat/buildutil/Txt2Html.execute()V,R,7,3
org/apache/tomcat/buildutil/Txt2Html.execute()V,R,6,3
org/apache/tomcat/buildutil/Txt2Html.execute()V,C,3,11
org/apache/tomcat/buildutil/Txt2Html.execute()V,R,1,11
org/apache/tomcat/buildutil/Txt2Html.execute()V,C,11,16
org/apache/tomcat/buildutil/Txt2Html.execute()V,C,16,1
org/apache/tomcat/buildutil/Txt2Html.execute()V,R,2,1
org/apache/tomcat/buildutil/Txt2Html.execute()V,C,1,2
org/apache/tomcat/buildutil/Txt2Html.execute()V,R,2,2
org/apache/tomcat/buildutil/Txt2Html.execute()V,W,3,2
org/apache/tomcat/buildutil/Txt2Html.execute()V,R,3,2
org/apache/tomcat/buildutil/Txt2Html.execute()V,R,0,2
org/apache/tomcat/buildutil/Txt2Html.execute()V,W,4,2
org/apache/tomcat/buildutil/Txt2Html.execute()V,R,4,2
org/apache/tomcat/buildutil/Txt2Html.execute()V,W,5,2
org/apache/tomcat/buildutil/Txt2Html.execute()V,R,4,2
org/apache/tomcat/buildutil/Txt2Html.execute()V,W,6,2
org/apache/tomcat/buildutil/Txt2Html.execute()V,W,7,2
org/apache/tomcat/buildutil/Txt2Html.execute()V,C,2,3
org/apache/tomcat/buildutil/Txt2Html.execute()V,R,7,3
org/apache/tomcat/buildutil/Txt2Html.execute()V,R,6,3
org/apache/tomcat/buildutil/Txt2Html.execute()V,C,3,4
org/apache/tomcat/buildutil/Txt2Html.execute()V,R,5,4
org/apache/tomcat/buildutil/Txt2Html.execute()V,R,6,4
org/apache/tomcat/buildutil/Txt2Html.execute()V,R,7,4
org/apache/tomcat/buildutil/Txt2Html.execute()V,W,8,4
org/apache/tomcat/buildutil/Txt2Html.execute()V,R,0,4
org/apache/tomcat/buildutil/Txt2Html.execute()V,R,6,4
org/apache/tomcat/buildutil/Txt2Html.execute()V,R,7,4
org/apache/tomcat/buildutil/Txt2Html.execute()V,W,9,4
org/apache/tomcat/buildutil/Txt2Html.execute()V,R,9,4
org/apache/tomcat/buildutil/Txt2Html.execute()V,C,4,5
org/apache/tomcat/buildutil/Txt2Html.execute()V,R,8,5
org/apache/tomcat/buildutil/Txt2Html.execute()V,R,9,5
org/apache/tomcat/buildutil/Txt2Html.execute()V,C,5,10
org/apache/tomcat/buildutil/Txt2Html.execute()V,C,10,3
org/apache/tomcat/buildutil/Txt2Html.execute()V,R,7,3
org/apache/tomcat/buildutil/Txt2Html.execute()V,R,6,3
org/apache/tomcat/buildutil/Txt2Html.execute()V,C,3,11
org/apache/tomcat/buildutil/Txt2Html.execute()V,R,1,11
org/apache/tomcat/buildutil/Txt2Html.execute()V,C,11,16
org/apache/tomcat/buildutil/Txt2Html.execute()V,C,16,1
org/apache/tomcat/buildutil/Txt2Html.execute()V,R,2,1
org/apache/tomcat/buildutil/Txt2Html.execute()V,C,1,17
org/apache/tomcat/buildutil/Txt2Html.<init>()V,R,0,0
org/apache/tomcat/buildutil/Txt2Html.<init>()V,R,0,0
org/apache/tomcat/buildutil/Txt2Html.setTodir(Ljava/io/File;)V,R,0,0
org/apache/tomcat/buildutil/Txt2Html.setTodir(Ljava/io/File;)V,R,1,0
org/apache/tomcat/buildutil/Txt2Html.addFileset(Lorg/apache/tools/ant/types/FileSet;)V,R,0,0
org/apache/tomcat/buildutil/Txt2Html.addFileset(Lorg/apache/tools/ant/types/FileSet;)V,R,1,0
org/apache/tomcat/buildutil/Txt2Html.execute()V,W,1,0
org/apache/tomcat/buildutil/Txt2Html.execute()V,R,0,0
org/apache/tomcat/buildutil/Txt2Html.execute()V,W,2,0
org/apache/tomcat/buildutil/Txt2Html.execute()V,C,0,1
org/apache/tomcat/buildutil/Txt2Html.execute()V,R,2,1
org/apache/tomcat/buildutil/Txt2Html.execute()V,C,1,2
org/apache/tomcat/buildutil/Txt2Html.execute()V,R,2,2
org/apache/tomcat/buildutil/Txt2Html.execute()V,W,3,2
org/apache/tomcat/buildutil/Txt2Html.execute()V,R,3,2
org/apache/tomcat/buildutil/Txt2Html.execute()V,R,0,2
org/apache/tomcat/buildutil/Txt2Html.execute()V,W,4,2
org/apache/tomcat/buildutil/Txt2Html.execute()V,R,4,2
org/apache/tomcat/buildutil/Txt2Html.execute()V,W,5,2
org/apache/tomcat/buildutil/Txt2Html.execute()V,R,4,2
org/apache/tomcat/buildutil/Txt2Html.execute()V,W,6,2
org/apache/tomcat/buildutil/Txt2Html.execute()V,W,7,2
org/apache/tomcat/buildutil/Txt2Html.execute()V,C,2,3
org/apache/tomcat/buildutil/Txt2Html.execute()V,R,7,3
org/apache/tomcat/buildutil/Txt2Html.execute()V,R,6,3
org/apache/tomcat/buildutil/Txt2Html.execute()V,C,3,4
org/apache/tomcat/buildutil/Txt2Html.execute()V,R,5,4
org/apache/tomcat/buildutil/Txt2Html.execute()V,R,6,4
org/apache/tomcat/buildutil/Txt2Html.execute()V,R,7,4
org/apache/tomcat/buildutil/Txt2Html.execute()V,W,8,4
org/apache/tomcat/buildutil/Txt2Html.execute()V,R,0,4
org/apache/tomcat/buildutil/Txt2Html.execute()V,R,6,4
org/apache/tomcat/buildutil/Txt2Html.execute()V,R,7,4
org/apache/tomcat/buildutil/Txt2Html.execute()V,W,9,4
org/apache/tomcat/buildutil/Txt2Html.execute()V,R,9,4
org/apache/tomcat/buildutil/Txt2Html.execute()V,C,4,5
org/apache/tomcat/buildutil/Txt2Html.execute()V,R,8,5
org/apache/tomcat/buildutil/Txt2Html.execute()V,R,9,5
org/apache/tomcat/buildutil/Txt2Html.execute()V,C,5,10
org/apache/tomcat/buildutil/Txt2Html.execute()V,C,10,3
org/apache/tomcat/buildutil/Txt2Html.execute()V,R,7,3
org/apache/tomcat/buildutil/Txt2Html.execute()V,R,6,3
org/apache/tomcat/buildutil/Txt2Html.execute()V,C,3,11
org/apache/tomcat/buildutil/Txt2Html.execute()V,R,1,11
org/apache/tomcat/buildutil/Txt2Html.execute()V,C,11,16
org/apache/tomcat/buildutil/Txt2Html.execute()V,C,16,1
org/apache/tomcat/buildutil/Txt2Html.execute()V,R,2,1
org/apache/tomcat/buildutil/Txt2Html.execute()V,C,1,17
org/apache/tomcat/buildutil/Txt2Html.<init>()V,R,0,0
org/apache/tomcat/buildutil/Txt2Html.<init>()V,R,0,0
org/apache/tomcat/buildutil/Txt2Html.setTodir(Ljava/io/File;)V,R,0,0
org/apache/tomcat/buildutil/Txt2Html.setTodir(Ljava/io/File;)V,R,1,0
org/apache/tomcat/buildutil/Txt2Html.addFileset(Lorg/apache/tools/ant/types/FileSet;)V,R,0,0
org/apache/tomcat/buildutil/Txt2Html.addFileset(Lorg/apache/tools/ant/types/FileSet;)V,R,1,0
org/apache/tomcat/buildutil/Txt2Html.execute()V,W,1,0
org/apache/tomcat/buildutil/Txt2Html.execute()V,R,0,0
org/apache/tomcat/buildutil/Txt2Html.execute()V,W,2,0
org/apache/tomcat/buildutil/Txt2Html.execute()V,C,0,1
org/apache/tomcat/buildutil/Txt2Html.execute()V,R,2,1
org/apache/tomcat/buildutil/Txt2Html.execute()V,C,1,2
org/apache/tomcat/buildutil/Txt2Html.execute()V,R,2,2
org/apache/tomcat/buildutil/Txt2Html.execute()V,W,3,2
org/apache/tomcat/buildutil/Txt2Html.execute()V,R,3,2
org/apache/tomcat/buildutil/Txt2Html.execute()V,R,0,2
org/apache/tomcat/buildutil/Txt2Html.execute()V,W,4,2
org/apache/tomcat/buildutil/Txt2Html.execute()V,R,4,2
org/apache/tomcat/buildutil/Txt2Html.execute()V,W,5,2
org/apache/tomcat/buildutil/Txt2Html.execute()V,R,4,2
org/apache/tomcat/buildutil/Txt2Html.execute()V,W,6,2
org/apache/tomcat/buildutil/Txt2Html.execute()V,W,7,2
org/apache/tomcat/buildutil/Txt2Html.execute()V,C,2,3
org/apache/tomcat/buildutil/Txt2Html.execute()V,R,7,3
org/apache/tomcat/buildutil/Txt2Html.execute()V,R,6,3
org/apache/tomcat/buildutil/Txt2Html.execute()V,C,3,4
org/apache/tomcat/buildutil/Txt2Html.execute()V,R,5,4
org/apache/tomcat/buildutil/Txt2Html.execute()V,R,6,4
org/apache/tomcat/buildutil/Txt2Html.execute()V,R,7,4
org/apache/tomcat/buildutil/Txt2Html.execute()V,W,8,4
org/apache/tomcat/buildutil/Txt2Html.execute()V,R,0,4
org/apache/tomcat/buildutil/Txt2Html.execute()V,R,6,4
org/apache/tomcat/buildutil/Txt2Html.execute()V,R,7,4
org/apache/tomcat/buildutil/Txt2Html.execute()V,W,9,4
org/apache/tomcat/buildutil/Txt2Html.execute()V,R,9,4
org/apache/tomcat/buildutil/Txt2Html.execute()V,C,4,5
org/apache/tomcat/buildutil/Txt2Html.execute()V,R,8,5
org/apache/tomcat/buildutil/Txt2Html.execute()V,R,9,5
org/apache/tomcat/buildutil/Txt2Html.execute()V,C,5,10
org/apache/tomcat/buildutil/Txt2Html.execute()V,C,10,3
org/apache/tomcat/buildutil/Txt2Html.execute()V,R,7,3
org/apache/tomcat/buildutil/Txt2Html.execute()V,R,6,3
org/apache/tomcat/buildutil/Txt2Html.execute()V,C,3,4
org/apache/tomcat/buildutil/Txt2Html.execute()V,R,5,4
org/apache/tomcat/buildutil/Txt2Html.execute()V,R,6,4
org/apache/tomcat/buildutil/Txt2Html.execute()V,R,7,4
org/apache/tomcat/buildutil/Txt2Html.execute()V,W,8,4
org/apache/tomcat/buildutil/Txt2Html.execute()V,R,0,4
org/apache/tomcat/buildutil/Txt2Html.execute()V,R,6,4
org/apache/tomcat/buildutil/Txt2Html.execute()V,R,7,4
org/apache/tomcat/buildutil/Txt2Html.execute()V,W,9,4
org/apache/tomcat/buildutil/Txt2Html.execute()V,R,9,4
org/apache/tomcat/buildutil/Txt2Html.execute()V,C,4,5
org/apache/tomcat/buildutil/Txt2Html.execute()V,R,8,5
org/apache/tomcat/buildutil/Txt2Html.execute()V,R,9,5
org/apache/tomcat/buildutil/Txt2Html.execute()V,C,5,10
org/apache/tomcat/buildutil/Txt2Html.execute()V,C,10,3
org/apache/tomcat/buildutil/Txt2Html.execute()V,R,7,3
org/apache/tomcat/buildutil/Txt2Html.execute()V,R,6,3
org/apache/tomcat/buildutil/Txt2Html.execute()V,C,3,4
org/apache/tomcat/buildutil/Txt2Html.execute()V,R,5,4
org/apache/tomcat/buildutil/Txt2Html.execute()V,R,6,4
org/apache/tomcat/buildutil/Txt2Html.execute()V,R,7,4
org/apache/tomcat/buildutil/Txt2Html.execute()V,W,8,4
org/apache/tomcat/buildutil/Txt2Html.execute()V,R,0,4
org/apache/tomcat/buildutil/Txt2Html.execute()V,R,6,4
org/apache/tomcat/buildutil/Txt2Html.execute()V,R,7,4
org/apache/tomcat/buildutil/Txt2Html.execute()V,W,9,4
org/apache/tomcat/buildutil/Txt2Html.execute()V,R,9,4
org/apache/tomcat/buildutil/Txt2Html.execute()V,C,4,5
org/apache/tomcat/buildutil/Txt2Html.execute()V,R,8,5
org/apache/tomcat/buildutil/Txt2Html.execute()V,R,9,5
org/apache/tomcat/buildutil/Txt2Html.execute()V,C,5,10
org/apache/tomcat/buildutil/Txt2Html.execute()V,C,10,3
org/apache/tomcat/buildutil/Txt2Html.execute()V,R,7,3
org/apache/tomcat/buildutil/Txt2Html.execute()V,R,6,3
org/apache/tomcat/buildutil/Txt2Html.execute()V,C,3,4
org/apache/tomcat/buildutil/Txt2Html.execute()V,R,5,4
org/apache/tomcat/buildutil/Txt2Html.execute()V,R,6,4
org/apache/tomcat/buildutil/Txt2Html.execute()V,R,7,4
org/apache/tomcat/buildutil/Txt2Html.execute()V,W,8,4
org/apache/tomcat/buildutil/Txt2Html.execute()V,R,0,4
org/apache/tomcat/buildutil/Txt2Html.execute()V,R,6,4
org/apache/tomcat/buildutil/Txt2Html.execute()V,R,7,4
org/apache/tomcat/buildutil/Txt2Html.execute()V,W,9,4
org/apache/tomcat/buildutil/Txt2Html.execute()V,R,9,4
org/apache/tomcat/buildutil/Txt2Html.execute()V,C,4,5
org/apache/tomcat/buildutil/Txt2Html.execute()V,R,8,5
org/apache/tomcat/buildutil/Txt2Html.execute()V,R,9,5
org/apache/tomcat/buildutil/Txt2Html.execute()V,C,5,10
org/apache/tomcat/buildutil/Txt2Html.execute()V,C,10,3
org/apache/tomcat/buildutil/Txt2Html.execute()V,R,7,3
org/apache/tomcat/buildutil/Txt2Html.execute()V,R,6,3
org/apache/tomcat/buildutil/Txt2Html.execute()V,C,3,11
org/apache/tomcat/buildutil/Txt2Html.execute()V,R,1,11
org/apache/tomcat/buildutil/Txt2Html.execute()V,C,11,16
org/apache/tomcat/buildutil/Txt2Html.execute()V,C,16,1
org/apache/tomcat/buildutil/Txt2Html.execute()V,R,2,1
org/apache/tomcat/buildutil/Txt2Html.execute()V,C,1,17
org/apache/tomcat/buildutil/Txt2Html.<init>()V,R,0,0
org/apache/tomcat/buildutil/Txt2Html.<init>()V,R,0,0
org/apache/tomcat/buildutil/Txt2Html.setTodir(Ljava/io/File;)V,R,0,0
org/apache/tomcat/buildutil/Txt2Html.setTodir(Ljava/io/File;)V,R,1,0
org/apache/tomcat/buildutil/Txt2Html.addFileset(Lorg/apache/tools/ant/types/FileSet;)V,R,0,0
org/apache/tomcat/buildutil/Txt2Html.addFileset(Lorg/apache/tools/ant/types/FileSet;)V,R,1,0
org/apache/tomcat/buildutil/Txt2Html.execute()V,W,1,0
org/apache/tomcat/buildutil/Txt2Html.execute()V,R,0,0
org/apache/tomcat/buildutil/Txt2Html.execute()V,W,2,0
org/apache/tomcat/buildutil/Txt2Html.execute()V,C,0,1
org/apache/tomcat/buildutil/Txt2Html.execute()V,R,2,1
org/apache/tomcat/buildutil/Txt2Html.execute()V,C,1,2
org/apache/tomcat/buildutil/Txt2Html.execute()V,R,2,2
org/apache/tomcat/buildutil/Txt2Html.execute()V,W,3,2
org/apache/tomcat/buildutil/Txt2Html.execute()V,R,3,2
org/apache/tomcat/buildutil/Txt2Html.execute()V,R,0,2
org/apache/tomcat/buildutil/Txt2Html.execute()V,W,4,2
org/apache/tomcat/buildutil/Txt2Html.execute()V,R,4,2
org/apache/tomcat/buildutil/Txt2Html.execute()V,W,5,2
org/apache/tomcat/buildutil/Txt2Html.execute()V,R,4,2
org/apache/tomcat/buildutil/Txt2Html.execute()V,W,6,2
org/apache/tomcat/buildutil/Txt2Html.execute()V,W,7,2
org/apache/tomcat/buildutil/Txt2Html.execute()V,C,2,3
org/apache/tomcat/buildutil/Txt2Html.execute()V,R,7,3
org/apache/tomcat/buildutil/Txt2Html.execute()V,R,6,3
org/apache/tomcat/buildutil/Txt2Html.execute()V,C,3,4
org/apache/tomcat/buildutil/Txt2Html.execute()V,R,5,4
org/apache/tomcat/buildutil/Txt2Html.execute()V,R,6,4
org/apache/tomcat/buildutil/Txt2Html.execute()V,R,7,4
org/apache/tomcat/buildutil/Txt2Html.execute()V,W,8,4
org/apache/tomcat/buildutil/Txt2Html.execute()V,R,0,4
org/apache/tomcat/buildutil/Txt2Html.execute()V,R,6,4
org/apache/tomcat/buildutil/Txt2Html.execute()V,R,7,4
org/apache/tomcat/buildutil/Txt2Html.execute()V,W,9,4
org/apache/tomcat/buildutil/Txt2Html.execute()V,R,9,4
org/apache/tomcat/buildutil/Txt2Html.execute()V,C,4,5
org/apache/tomcat/buildutil/Txt2Html.execute()V,R,8,5
org/apache/tomcat/buildutil/Txt2Html.execute()V,R,9,5
org/apache/tomcat/buildutil/Txt2Html.execute()V,C,5,10
org/apache/tomcat/buildutil/Txt2Html.execute()V,C,10,3
org/apache/tomcat/buildutil/Txt2Html.execute()V,R,7,3
org/apache/tomcat/buildutil/Txt2Html.execute()V,R,6,3
org/apache/tomcat/buildutil/Txt2Html.execute()V,C,3,4
org/apache/tomcat/buildutil/Txt2Html.execute()V,R,5,4
org/apache/tomcat/buildutil/Txt2Html.execute()V,R,6,4
org/apache/tomcat/buildutil/Txt2Html.execute()V,R,7,4
org/apache/tomcat/buildutil/Txt2Html.execute()V,W,8,4
org/apache/tomcat/buildutil/Txt2Html.execute()V,R,0,4
org/apache/tomcat/buildutil/Txt2Html.execute()V,R,6,4
org/apache/tomcat/buildutil/Txt2Html.execute()V,R,7,4
org/apache/tomcat/buildutil/Txt2Html.execute()V,W,9,4
org/apache/tomcat/buildutil/Txt2Html.execute()V,R,9,4
org/apache/tomcat/buildutil/Txt2Html.execute()V,C,4,5
org/apache/tomcat/buildutil/Txt2Html.execute()V,R,8,5
org/apache/tomcat/buildutil/Txt2Html.execute()V,R,9,5
org/apache/tomcat/buildutil/Txt2Html.execute()V,C,5,10
org/apache/tomcat/buildutil/Txt2Html.execute()V,C,10,3
org/apache/tomcat/buildutil/Txt2Html.execute()V,R,7,3
org/apache/tomcat/buildutil/Txt2Html.execute()V,R,6,3
org/apache/tomcat/buildutil/Txt2Html.execute()V,C,3,4
org/apache/tomcat/buildutil/Txt2Html.execute()V,R,5,4
org/apache/tomcat/buildutil/Txt2Html.execute()V,R,6,4
org/apache/tomcat/buildutil/Txt2Html.execute()V,R,7,4
org/apache/tomcat/buildutil/Txt2Html.execute()V,W,8,4
org/apache/tomcat/buildutil/Txt2Html.execute()V,R,0,4
org/apache/tomcat/buildutil/Txt2Html.execute()V,R,6,4
org/apache/tomcat/buildutil/Txt2Html.execute()V,R,7,4
org/apache/tomcat/buildutil/Txt2Html.execute()V,W,9,4
org/apache/tomcat/buildutil/Txt2Html.execute()V,R,9,4
org/apache/tomcat/buildutil/Txt2Html.execute()V,C,4,5
org/apache/tomcat/buildutil/Txt2Html.execute()V,R,8,5
org/apache/tomcat/buildutil/Txt2Html.execute()V,R,9,5
org/apache/tomcat/buildutil/Txt2Html.execute()V,C,5,10
org/apache/tomcat/buildutil/Txt2Html.execute()V,C,10,3
org/apache/tomcat/buildutil/Txt2Html.execute()V,R,7,3
org/apache/tomcat/buildutil/Txt2Html.execute()V,R,6,3
org/apache/tomcat/buildutil/Txt2Html.execute()V,C,3,4
org/apache/tomcat/buildutil/Txt2Html.execute()V,R,5,4
org/apache/tomcat/buildutil/Txt2Html.execute()V,R,6,4
org/apache/tomcat/buildutil/Txt2Html.execute()V,R,7,4
org/apache/tomcat/buildutil/Txt2Html.execute()V,W,8,4
org/apache/tomcat/buildutil/Txt2Html.execute()V,R,0,4
org/apache/tomcat/buildutil/Txt2Html.execute()V,R,6,4
org/apache/tomcat/buildutil/Txt2Html.execute()V,R,7,4
org/apache/tomcat/buildutil/Txt2Html.execute()V,W,9,4
org/apache/tomcat/buildutil/Txt2Html.execute()V,R,9,4
org/apache/tomcat/buildutil/Txt2Html.execute()V,C,4,5
org/apache/tomcat/buildutil/Txt2Html.execute()V,R,8,5
org/apache/tomcat/buildutil/Txt2Html.execute()V,R,9,5
org/apache/tomcat/buildutil/Txt2Html.execute()V,C,5,10
org/apache/tomcat/buildutil/Txt2Html.execute()V,C,10,3
org/apache/tomcat/buildutil/Txt2Html.execute()V,R,7,3
org/apache/tomcat/buildutil/Txt2Html.execute()V,R,6,3
org/apache/tomcat/buildutil/Txt2Html.execute()V,C,3,4
org/apache/tomcat/buildutil/Txt2Html.execute()V,R,5,4
org/apache/tomcat/buildutil/Txt2Html.execute()V,R,6,4
org/apache/tomcat/buildutil/Txt2Html.execute()V,R,7,4
org/apache/tomcat/buildutil/Txt2Html.execute()V,W,8,4
org/apache/tomcat/buildutil/Txt2Html.execute()V,R,0,4
org/apache/tomcat/buildutil/Txt2Html.execute()V,R,6,4
org/apache/tomcat/buildutil/Txt2Html.execute()V,R,7,4
org/apache/tomcat/buildutil/Txt2Html.execute()V,W,9,4
org/apache/tomcat/buildutil/Txt2Html.execute()V,R,9,4
org/apache/tomcat/buildutil/Txt2Html.execute()V,C,4,5
org/apache/tomcat/buildutil/Txt2Html.execute()V,R,8,5
org/apache/tomcat/buildutil/Txt2Html.execute()V,R,9,5
org/apache/tomcat/buildutil/Txt2Html.execute()V,C,5,10
org/apache/tomcat/buildutil/Txt2Html.execute()V,C,10,3
org/apache/tomcat/buildutil/Txt2Html.execute()V,R,7,3
org/apache/tomcat/buildutil/Txt2Html.execute()V,R,6,3
org/apache/tomcat/buildutil/Txt2Html.execute()V,C,3,4
org/apache/tomcat/buildutil/Txt2Html.execute()V,R,5,4
org/apache/tomcat/buildutil/Txt2Html.execute()V,R,6,4
org/apache/tomcat/buildutil/Txt2Html.execute()V,R,7,4
org/apache/tomcat/buildutil/Txt2Html.execute()V,W,8,4
org/apache/tomcat/buildutil/Txt2Html.execute()V,R,0,4
org/apache/tomcat/buildutil/Txt2Html.execute()V,R,6,4
org/apache/tomcat/buildutil/Txt2Html.execute()V,R,7,4
org/apache/tomcat/buildutil/Txt2Html.execute()V,W,9,4
org/apache/tomcat/buildutil/Txt2Html.execute()V,R,9,4
org/apache/tomcat/buildutil/Txt2Html.execute()V,C,4,5
org/apache/tomcat/buildutil/Txt2Html.execute()V,R,8,5
org/apache/tomcat/buildutil/Txt2Html.execute()V,R,9,5
org/apache/tomcat/buildutil/Txt2Html.execute()V,C,5,10
org/apache/tomcat/buildutil/Txt2Html.execute()V,C,10,3
org/apache/tomcat/buildutil/Txt2Html.execute()V,R,7,3
org/apache/tomcat/buildutil/Txt2Html.execute()V,R,6,3
org/apache/tomcat/buildutil/Txt2Html.execute()V,C,3,4
org/apache/tomcat/buildutil/Txt2Html.execute()V,R,5,4
org/apache/tomcat/buildutil/Txt2Html.execute()V,R,6,4
org/apache/tomcat/buildutil/Txt2Html.execute()V,R,7,4
org/apache/tomcat/buildutil/Txt2Html.execute()V,W,8,4
org/apache/tomcat/buildutil/Txt2Html.execute()V,R,0,4
org/apache/tomcat/buildutil/Txt2Html.execute()V,R,6,4
org/apache/tomcat/buildutil/Txt2Html.execute()V,R,7,4
org/apache/tomcat/buildutil/Txt2Html.execute()V,W,9,4
org/apache/tomcat/buildutil/Txt2Html.execute()V,R,9,4
org/apache/tomcat/buildutil/Txt2Html.execute()V,C,4,5
org/apache/tomcat/buildutil/Txt2Html.execute()V,R,8,5
org/apache/tomcat/buildutil/Txt2Html.execute()V,R,9,5
org/apache/tomcat/buildutil/Txt2Html.execute()V,C,5,10
org/apache/tomcat/buildutil/Txt2Html.execute()V,C,10,3
org/apache/tomcat/buildutil/Txt2Html.execute()V,R,7,3
org/apache/tomcat/buildutil/Txt2Html.execute()V,R,6,3
org/apache/tomcat/buildutil/Txt2Html.execute()V,C,3,4
org/apache/tomcat/buildutil/Txt2Html.execute()V,R,5,4
org/apache/tomcat/buildutil/Txt2Html.execute()V,R,6,4
org/apache/tomcat/buildutil/Txt2Html.execute()V,R,7,4
org/apache/tomcat/buildutil/Txt2Html.execute()V,W,8,4
org/apache/tomcat/buildutil/Txt2Html.execute()V,R,0,4
org/apache/tomcat/buildutil/Txt2Html.execute()V,R,6,4
org/apache/tomcat/buildutil/Txt2Html.execute()V,R,7,4
org/apache/tomcat/buildutil/Txt2Html.execute()V,W,9,4
org/apache/tomcat/buildutil/Txt2Html.execute()V,R,9,4
org/apache/tomcat/buildutil/Txt2Html.execute()V,C,4,5
org/apache/tomcat/buildutil/Txt2Html.execute()V,R,8,5
org/apache/tomcat/buildutil/Txt2Html.execute()V,R,9,5
org/apache/tomcat/buildutil/Txt2Html.execute()V,C,5,10
org/apache/tomcat/buildutil/Txt2Html.execute()V,C,10,3
org/apache/tomcat/buildutil/Txt2Html.execute()V,R,7,3
org/apache/tomcat/buildutil/Txt2Html.execute()V,R,6,3
org/apache/tomcat/buildutil/Txt2Html.execute()V,C,3,4
org/apache/tomcat/buildutil/Txt2Html.execute()V,R,5,4
org/apache/tomcat/buildutil/Txt2Html.execute()V,R,6,4
org/apache/tomcat/buildutil/Txt2Html.execute()V,R,7,4
org/apache/tomcat/buildutil/Txt2Html.execute()V,W,8,4
org/apache/tomcat/buildutil/Txt2Html.execute()V,R,0,4
org/apache/tomcat/buildutil/Txt2Html.execute()V,R,6,4
org/apache/tomcat/buildutil/Txt2Html.execute()V,R,7,4
org/apache/tomcat/buildutil/Txt2Html.execute()V,W,9,4
org/apache/tomcat/buildutil/Txt2Html.execute()V,R,9,4
org/apache/tomcat/buildutil/Txt2Html.execute()V,C,4,5
org/apache/tomcat/buildutil/Txt2Html.execute()V,R,8,5
org/apache/tomcat/buildutil/Txt2Html.execute()V,R,9,5
org/apache/tomcat/buildutil/Txt2Html.execute()V,C,5,10
org/apache/tomcat/buildutil/Txt2Html.execute()V,C,10,3
org/apache/tomcat/buildutil/Txt2Html.execute()V,R,7,3
org/apache/tomcat/buildutil/Txt2Html.execute()V,R,6,3
org/apache/tomcat/buildutil/Txt2Html.execute()V,C,3,4
org/apache/tomcat/buildutil/Txt2Html.execute()V,R,5,4
org/apache/tomcat/buildutil/Txt2Html.execute()V,R,6,4
org/apache/tomcat/buildutil/Txt2Html.execute()V,R,7,4
org/apache/tomcat/buildutil/Txt2Html.execute()V,W,8,4
org/apache/tomcat/buildutil/Txt2Html.execute()V,R,0,4
org/apache/tomcat/buildutil/Txt2Html.execute()V,R,6,4
org/apache/tomcat/buildutil/Txt2Html.execute()V,R,7,4
org/apache/tomcat/buildutil/Txt2Html.execute()V,W,9,4
org/apache/tomcat/buildutil/Txt2Html.execute()V,R,9,4
org/apache/tomcat/buildutil/Txt2Html.execute()V,C,4,5
org/apache/tomcat/buildutil/Txt2Html.execute()V,R,8,5
org/apache/tomcat/buildutil/Txt2Html.execute()V,R,9,5
org/apache/tomcat/buildutil/Txt2Html.execute()V,C,5,10
org/apache/tomcat/buildutil/Txt2Html.execute()V,C,10,3
org/apache/tomcat/buildutil/Txt2Html.execute()V,R,7,3
org/apache/tomcat/buildutil/Txt2Html.execute()V,R,6,3
org/apache/tomcat/buildutil/Txt2Html.execute()V,C,3,4
org/apache/tomcat/buildutil/Txt2Html.execute()V,R,5,4
org/apache/tomcat/buildutil/Txt2Html.execute()V,R,6,4
org/apache/tomcat/buildutil/Txt2Html.execute()V,R,7,4
org/apache/tomcat/buildutil/Txt2Html.execute()V,W,8,4
org/apache/tomcat/buildutil/Txt2Html.execute()V,R,0,4
org/apache/tomcat/buildutil/Txt2Html.execute()V,R,6,4
org/apache/tomcat/buildutil/Txt2Html.execute()V,R,7,4
org/apache/tomcat/buildutil/Txt2Html.execute()V,W,9,4
org/apache/tomcat/buildutil/Txt2Html.execute()V,R,9,4
org/apache/tomcat/buildutil/Txt2Html.execute()V,C,4,5
org/apache/tomcat/buildutil/Txt2Html.execute()V,R,8,5
org/apache/tomcat/buildutil/Txt2Html.execute()V,R,9,5
org/apache/tomcat/buildutil/Txt2Html.execute()V,C,5,10
org/apache/tomcat/buildutil/Txt2Html.execute()V,C,10,3
org/apache/tomcat/buildutil/Txt2Html.execute()V,R,7,3
org/apache/tomcat/buildutil/Txt2Html.execute()V,R,6,3
org/apache/tomcat/buildutil/Txt2Html.execute()V,C,3,4
org/apache/tomcat/buildutil/Txt2Html.execute()V,R,5,4
org/apache/tomcat/buildutil/Txt2Html.execute()V,R,6,4
org/apache/tomcat/buildutil/Txt2Html.execute()V,R,7,4
org/apache/tomcat/buildutil/Txt2Html.execute()V,W,8,4
org/apache/tomcat/buildutil/Txt2Html.execute()V,R,0,4
org/apache/tomcat/buildutil/Txt2Html.execute()V,R,6,4
org/apache/tomcat/buildutil/Txt2Html.execute()V,R,7,4
org/apache/tomcat/buildutil/Txt2Html.execute()V,W,9,4
org/apache/tomcat/buildutil/Txt2Html.execute()V,R,9,4
org/apache/tomcat/buildutil/Txt2Html.execute()V,C,4,5
org/apache/tomcat/buildutil/Txt2Html.execute()V,R,8,5
org/apache/tomcat/buildutil/Txt2Html.execute()V,R,9,5
org/apache/tomcat/buildutil/Txt2Html.execute()V,C,5,10
org/apache/tomcat/buildutil/Txt2Html.execute()V,C,10,3
org/apache/tomcat/buildutil/Txt2Html.execute()V,R,7,3
org/apache/tomcat/buildutil/Txt2Html.execute()V,R,6,3
org/apache/tomcat/buildutil/Txt2Html.execute()V,C,3,4
org/apache/tomcat/buildutil/Txt2Html.execute()V,R,5,4
org/apache/tomcat/buildutil/Txt2Html.execute()V,R,6,4
org/apache/tomcat/buildutil/Txt2Html.execute()V,R,7,4
org/apache/tomcat/buildutil/Txt2Html.execute()V,W,8,4
org/apache/tomcat/buildutil/Txt2Html.execute()V,R,0,4
org/apache/tomcat/buildutil/Txt2Html.execute()V,R,6,4
org/apache/tomcat/buildutil/Txt2Html.execute()V,R,7,4
org/apache/tomcat/buildutil/Txt2Html.execute()V,W,9,4
org/apache/tomcat/buildutil/Txt2Html.execute()V,R,9,4
org/apache/tomcat/buildutil/Txt2Html.execute()V,C,4,5
org/apache/tomcat/buildutil/Txt2Html.execute()V,R,8,5
org/apache/tomcat/buildutil/Txt2Html.execute()V,R,9,5
org/apache/tomcat/buildutil/Txt2Html.execute()V,C,5,10
org/apache/tomcat/buildutil/Txt2Html.execute()V,C,10,3
org/apache/tomcat/buildutil/Txt2Html.execute()V,R,7,3
org/apache/tomcat/buildutil/Txt2Html.execute()V,R,6,3
org/apache/tomcat/buildutil/Txt2Html.execute()V,C,3,4
org/apache/tomcat/buildutil/Txt2Html.execute()V,R,5,4
org/apache/tomcat/buildutil/Txt2Html.execute()V,R,6,4
org/apache/tomcat/buildutil/Txt2Html.execute()V,R,7,4
org/apache/tomcat/buildutil/Txt2Html.execute()V,W,8,4
org/apache/tomcat/buildutil/Txt2Html.execute()V,R,0,4
org/apache/tomcat/buildutil/Txt2Html.execute()V,R,6,4
org/apache/tomcat/buildutil/Txt2Html.execute()V,R,7,4
org/apache/tomcat/buildutil/Txt2Html.execute()V,W,9,4
org/apache/tomcat/buildutil/Txt2Html.execute()V,R,9,4
org/apache/tomcat/buildutil/Txt2Html.execute()V,C,4,5
org/apache/tomcat/buildutil/Txt2Html.execute()V,R,8,5
org/apache/tomcat/buildutil/Txt2Html.execute()V,R,9,5
org/apache/tomcat/buildutil/Txt2Html.execute()V,C,5,10
org/apache/tomcat/buildutil/Txt2Html.execute()V,C,10,3
org/apache/tomcat/buildutil/Txt2Html.execute()V,R,7,3
org/apache/tomcat/buildutil/Txt2Html.execute()V,R,6,3
org/apache/tomcat/buildutil/Txt2Html.execute()V,C,3,4
org/apache/tomcat/buildutil/Txt2Html.execute()V,R,5,4
org/apache/tomcat/buildutil/Txt2Html.execute()V,R,6,4
org/apache/tomcat/buildutil/Txt2Html.execute()V,R,7,4
org/apache/tomcat/buildutil/Txt2Html.execute()V,W,8,4
org/apache/tomcat/buildutil/Txt2Html.execute()V,R,0,4
org/apache/tomcat/buildutil/Txt2Html.execute()V,R,6,4
org/apache/tomcat/buildutil/Txt2Html.execute()V,R,7,4
org/apache/tomcat/buildutil/Txt2Html.execute()V,W,9,4
org/apache/tomcat/buildutil/Txt2Html.execute()V,R,9,4
org/apache/tomcat/buildutil/Txt2Html.execute()V,C,4,5
org/apache/tomcat/buildutil/Txt2Html.execute()V,R,8,5
org/apache/tomcat/buildutil/Txt2Html.execute()V,R,9,5
org/apache/tomcat/buildutil/Txt2Html.execute()V,C,5,10
org/apache/tomcat/buildutil/Txt2Html.execute()V,C,10,3
org/apache/tomcat/buildutil/Txt2Html.execute()V,R,7,3
org/apache/tomcat/buildutil/Txt2Html.execute()V,R,6,3
org/apache/tomcat/buildutil/Txt2Html.execute()V,C,3,4
org/apache/tomcat/buildutil/Txt2Html.execute()V,R,5,4
org/apache/tomcat/buildutil/Txt2Html.execute()V,R,6,4
org/apache/tomcat/buildutil/Txt2Html.execute()V,R,7,4
org/apache/tomcat/buildutil/Txt2Html.execute()V,W,8,4
org/apache/tomcat/buildutil/Txt2Html.execute()V,R,0,4
org/apache/tomcat/buildutil/Txt2Html.execute()V,R,6,4
org/apache/tomcat/buildutil/Txt2Html.execute()V,R,7,4
org/apache/tomcat/buildutil/Txt2Html.execute()V,W,9,4
org/apache/tomcat/buildutil/Txt2Html.execute()V,R,9,4
org/apache/tomcat/buildutil/Txt2Html.execute()V,C,4,5
org/apache/tomcat/buildutil/Txt2Html.execute()V,R,8,5
org/apache/tomcat/buildutil/Txt2Html.execute()V,R,9,5
org/apache/tomcat/buildutil/Txt2Html.execute()V,C,5,10
org/apache/tomcat/buildutil/Txt2Html.execute()V,C,10,3
org/apache/tomcat/buildutil/Txt2Html.execute()V,R,7,3
org/apache/tomcat/buildutil/Txt2Html.execute()V,R,6,3
org/apache/tomcat/buildutil/Txt2Html.execute()V,C,3,4
org/apache/tomcat/buildutil/Txt2Html.execute()V,R,5,4
org/apache/tomcat/buildutil/Txt2Html.execute()V,R,6,4
org/apache/tomcat/buildutil/Txt2Html.execute()V,R,7,4
org/apache/tomcat/buildutil/Txt2Html.execute()V,W,8,4
org/apache/tomcat/buildutil/Txt2Html.execute()V,R,0,4
org/apache/tomcat/buildutil/Txt2Html.execute()V,R,6,4
org/apache/tomcat/buildutil/Txt2Html.execute()V,R,7,4
org/apache/tomcat/buildutil/Txt2Html.execute()V,W,9,4
org/apache/tomcat/buildutil/Txt2Html.execute()V,R,9,4
org/apache/tomcat/buildutil/Txt2Html.execute()V,C,4,5
org/apache/tomcat/buildutil/Txt2Html.execute()V,R,8,5
org/apache/tomcat/buildutil/Txt2Html.execute()V,R,9,5
org/apache/tomcat/buildutil/Txt2Html.execute()V,C,5,10
org/apache/tomcat/buildutil/Txt2Html.execute()V,C,10,3
org/apache/tomcat/buildutil/Txt2Html.execute()V,R,7,3
org/apache/tomcat/buildutil/Txt2Html.execute()V,R,6,3
org/apache/tomcat/buildutil/Txt2Html.execute()V,C,3,4
org/apache/tomcat/buildutil/Txt2Html.execute()V,R,5,4
org/apache/tomcat/buildutil/Txt2Html.execute()V,R,6,4
org/apache/tomcat/buildutil/Txt2Html.execute()V,R,7,4
org/apache/tomcat/buildutil/Txt2Html.execute()V,W,8,4
org/apache/tomcat/buildutil/Txt2Html.execute()V,R,0,4
org/apache/tomcat/buildutil/Txt2Html.execute()V,R,6,4
org/apache/tomcat/buildutil/Txt2Html.execute()V,R,7,4
org/apache/tomcat/buildutil/Txt2Html.execute()V,W,9,4
org/apache/tomcat/buildutil/Txt2Html.execute()V,R,9,4
org/apache/tomcat/buildutil/Txt2Html.execute()V,C,4,5
org/apache/tomcat/buildutil/Txt2Html.execute()V,R,8,5
org/apache/tomcat/buildutil/Txt2Html.execute()V,R,9,5
org/apache/tomcat/buildutil/Txt2Html.execute()V,C,5,10
org/apache/tomcat/buildutil/Txt2Html.execute()V,C,10,3
org/apache/tomcat/buildutil/Txt2Html.execute()V,R,7,3
org/apache/tomcat/buildutil/Txt2Html.execute()V,R,6,3
org/apache/tomcat/buildutil/Txt2Html.execute()V,C,3,4
org/apache/tomcat/buildutil/Txt2Html.execute()V,R,5,4
org/apache/tomcat/buildutil/Txt2Html.execute()V,R,6,4
org/apache/tomcat/buildutil/Txt2Html.execute()V,R,7,4
org/apache/tomcat/buildutil/Txt2Html.execute()V,W,8,4
org/apache/tomcat/buildutil/Txt2Html.execute()V,R,0,4
org/apache/tomcat/buildutil/Txt2Html.execute()V,R,6,4
org/apache/tomcat/buildutil/Txt2Html.execute()V,R,7,4
org/apache/tomcat/buildutil/Txt2Html.execute()V,W,9,4
org/apache/tomcat/buildutil/Txt2Html.execute()V,R,9,4
org/apache/tomcat/buildutil/Txt2Html.execute()V,C,4,5
org/apache/tomcat/buildutil/Txt2Html.execute()V,R,8,5
org/apache/tomcat/buildutil/Txt2Html.execute()V,R,9,5
org/apache/tomcat/buildutil/Txt2Html.execute()V,C,5,10
org/apache/tomcat/buildutil/Txt2Html.execute()V,C,10,3
org/apache/tomcat/buildutil/Txt2Html.execute()V,R,7,3
org/apache/tomcat/buildutil/Txt2Html.execute()V,R,6,3
org/apache/tomcat/buildutil/Txt2Html.execute()V,C,3,4
org/apache/tomcat/buildutil/Txt2Html.execute()V,R,5,4
org/apache/tomcat/buildutil/Txt2Html.execute()V,R,6,4
org/apache/tomcat/buildutil/Txt2Html.execute()V,R,7,4
org/apache/tomcat/buildutil/Txt2Html.execute()V,W,8,4
org/apache/tomcat/buildutil/Txt2Html.execute()V,R,0,4
org/apache/tomcat/buildutil/Txt2Html.execute()V,R,6,4
org/apache/tomcat/buildutil/Txt2Html.execute()V,R,7,4
org/apache/tomcat/buildutil/Txt2Html.execute()V,W,9,4
org/apache/tomcat/buildutil/Txt2Html.execute()V,R,9,4
org/apache/tomcat/buildutil/Txt2Html.execute()V,C,4,5
org/apache/tomcat/buildutil/Txt2Html.execute()V,R,8,5
org/apache/tomcat/buildutil/Txt2Html.execute()V,R,9,5
org/apache/tomcat/buildutil/Txt2Html.execute()V,C,5,10
org/apache/tomcat/buildutil/Txt2Html.execute()V,C,10,3
org/apache/tomcat/buildutil/Txt2Html.execute()V,R,7,3
org/apache/tomcat/buildutil/Txt2Html.execute()V,R,6,3
org/apache/tomcat/buildutil/Txt2Html.execute()V,C,3,4
org/apache/tomcat/buildutil/Txt2Html.execute()V,R,5,4
org/apache/tomcat/buildutil/Txt2Html.execute()V,R,6,4
org/apache/tomcat/buildutil/Txt2Html.execute()V,R,7,4
org/apache/tomcat/buildutil/Txt2Html.execute()V,W,8,4
org/apache/tomcat/buildutil/Txt2Html.execute()V,R,0,4
org/apache/tomcat/buildutil/Txt2Html.execute()V,R,6,4
org/apache/tomcat/buildutil/Txt2Html.execute()V,R,7,4
org/apache/tomcat/buildutil/Txt2Html.execute()V,W,9,4
org/apache/tomcat/buildutil/Txt2Html.execute()V,R,9,4
org/apache/tomcat/buildutil/Txt2Html.execute()V,C,4,5
org/apache/tomcat/buildutil/Txt2Html.execute()V,R,8,5
org/apache/tomcat/buildutil/Txt2Html.execute()V,R,9,5
org/apache/tomcat/buildutil/Txt2Html.execute()V,C,5,10
org/apache/tomcat/buildutil/Txt2Html.execute()V,C,10,3
org/apache/tomcat/buildutil/Txt2Html.execute()V,R,7,3
org/apache/tomcat/buildutil/Txt2Html.execute()V,R,6,3
org/apache/tomcat/buildutil/Txt2Html.execute()V,C,3,4
org/apache/tomcat/buildutil/Txt2Html.execute()V,R,5,4
org/apache/tomcat/buildutil/Txt2Html.execute()V,R,6,4
org/apache/tomcat/buildutil/Txt2Html.execute()V,R,7,4
org/apache/tomcat/buildutil/Txt2Html.execute()V,W,8,4
org/apache/tomcat/buildutil/Txt2Html.execute()V,R,0,4
org/apache/tomcat/buildutil/Txt2Html.execute()V,R,6,4
org/apache/tomcat/buildutil/Txt2Html.execute()V,R,7,4
org/apache/tomcat/buildutil/Txt2Html.execute()V,W,9,4
org/apache/tomcat/buildutil/Txt2Html.execute()V,R,9,4
org/apache/tomcat/buildutil/Txt2Html.execute()V,C,4,5
org/apache/tomcat/buildutil/Txt2Html.execute()V,R,8,5
org/apache/tomcat/buildutil/Txt2Html.execute()V,R,9,5
org/apache/tomcat/buildutil/Txt2Html.execute()V,C,5,10
org/apache/tomcat/buildutil/Txt2Html.execute()V,C,10,3
org/apache/tomcat/buildutil/Txt2Html.execute()V,R,7,3
org/apache/tomcat/buildutil/Txt2Html.execute()V,R,6,3
org/apache/tomcat/buildutil/Txt2Html.execute()V,C,3,4
org/apache/tomcat/buildutil/Txt2Html.execute()V,R,5,4
org/apache/tomcat/buildutil/Txt2Html.execute()V,R,6,4
org/apache/tomcat/buildutil/Txt2Html.execute()V,R,7,4
org/apache/tomcat/buildutil/Txt2Html.execute()V,W,8,4
org/apache/tomcat/buildutil/Txt2Html.execute()V,R,0,4
org/apache/tomcat/buildutil/Txt2Html.execute()V,R,6,4
org/apache/tomcat/buildutil/Txt2Html.execute()V,R,7,4
org/apache/tomcat/buildutil/Txt2Html.execute()V,W,9,4
org/apache/tomcat/buildutil/Txt2Html.execute()V,R,9,4
org/apache/tomcat/buildutil/Txt2Html.execute()V,C,4,5
org/apache/tomcat/buildutil/Txt2Html.execute()V,R,8,5
org/apache/tomcat/buildutil/Txt2Html.execute()V,R,9,5
org/apache/tomcat/buildutil/Txt2Html.execute()V,C,5,10
org/apache/tomcat/buildutil/Txt2Html.execute()V,C,10,3
org/apache/tomcat/buildutil/Txt2Html.execute()V,R,7,3
org/apache/tomcat/buildutil/Txt2Html.execute()V,R,6,3
org/apache/tomcat/buildutil/Txt2Html.execute()V,C,3,4
org/apache/tomcat/buildutil/Txt2Html.execute()V,R,5,4
org/apache/tomcat/buildutil/Txt2Html.execute()V,R,6,4
org/apache/tomcat/buildutil/Txt2Html.execute()V,R,7,4
org/apache/tomcat/buildutil/Txt2Html.execute()V,W,8,4
org/apache/tomcat/buildutil/Txt2Html.execute()V,R,0,4
org/apache/tomcat/buildutil/Txt2Html.execute()V,R,6,4
org/apache/tomcat/buildutil/Txt2Html.execute()V,R,7,4
org/apache/tomcat/buildutil/Txt2Html.execute()V,W,9,4
org/apache/tomcat/buildutil/Txt2Html.execute()V,R,9,4
org/apache/tomcat/buildutil/Txt2Html.execute()V,C,4,5
org/apache/tomcat/buildutil/Txt2Html.execute()V,R,8,5
org/apache/tomcat/buildutil/Txt2Html.execute()V,R,9,5
org/apache/tomcat/buildutil/Txt2Html.execute()V,C,5,10
org/apache/tomcat/buildutil/Txt2Html.execute()V,C,10,3
org/apache/tomcat/buildutil/Txt2Html.execute()V,R,7,3
org/apache/tomcat/buildutil/Txt2Html.execute()V,R,6,3
org/apache/tomcat/buildutil/Txt2Html.execute()V,C,3,4
org/apache/tomcat/buildutil/Txt2Html.execute()V,R,5,4
org/apache/tomcat/buildutil/Txt2Html.execute()V,R,6,4
org/apache/tomcat/buildutil/Txt2Html.execute()V,R,7,4
org/apache/tomcat/buildutil/Txt2Html.execute()V,W,8,4
org/apache/tomcat/buildutil/Txt2Html.execute()V,R,0,4
org/apache/tomcat/buildutil/Txt2Html.execute()V,R,6,4
org/apache/tomcat/buildutil/Txt2Html.execute()V,R,7,4
org/apache/tomcat/buildutil/Txt2Html.execute()V,W,9,4
org/apache/tomcat/buildutil/Txt2Html.execute()V,R,9,4
org/apache/tomcat/buildutil/Txt2Html.execute()V,C,4,5
org/apache/tomcat/buildutil/Txt2Html.execute()V,R,8,5
org/apache/tomcat/buildutil/Txt2Html.execute()V,R,9,5
org/apache/tomcat/buildutil/Txt2Html.execute()V,C,5,10
org/apache/tomcat/buildutil/Txt2Html.execute()V,C,10,3
org/apache/tomcat/buildutil/Txt2Html.execute()V,R,7,3
org/apache/tomcat/buildutil/Txt2Html.execute()V,R,6,3
org/apache/tomcat/buildutil/Txt2Html.execute()V,C,3,4
org/apache/tomcat/buildutil/Txt2Html.execute()V,R,5,4
org/apache/tomcat/buildutil/Txt2Html.execute()V,R,6,4
org/apache/tomcat/buildutil/Txt2Html.execute()V,R,7,4
org/apache/tomcat/buildutil/Txt2Html.execute()V,W,8,4
org/apache/tomcat/buildutil/Txt2Html.execute()V,R,0,4
org/apache/tomcat/buildutil/Txt2Html.execute()V,R,6,4
org/apache/tomcat/buildutil/Txt2Html.execute()V,R,7,4
org/apache/tomcat/buildutil/Txt2Html.execute()V,W,9,4
org/apache/tomcat/buildutil/Txt2Html.execute()V,R,9,4
org/apache/tomcat/buildutil/Txt2Html.execute()V,C,4,5
org/apache/tomcat/buildutil/Txt2Html.execute()V,R,8,5
org/apache/tomcat/buildutil/Txt2Html.execute()V,R,9,5
org/apache/tomcat/buildutil/Txt2Html.execute()V,C,5,10
org/apache/tomcat/buildutil/Txt2Html.execute()V,C,10,3
org/apache/tomcat/buildutil/Txt2Html.execute()V,R,7,3
org/apache/tomcat/buildutil/Txt2Html.execute()V,R,6,3
org/apache/tomcat/buildutil/Txt2Html.execute()V,C,3,4
org/apache/tomcat/buildutil/Txt2Html.execute()V,R,5,4
org/apache/tomcat/buildutil/Txt2Html.execute()V,R,6,4
org/apache/tomcat/buildutil/Txt2Html.execute()V,R,7,4
org/apache/tomcat/buildutil/Txt2Html.execute()V,W,8,4
org/apache/tomcat/buildutil/Txt2Html.execute()V,R,0,4
org/apache/tomcat/buildutil/Txt2Html.execute()V,R,6,4
org/apache/tomcat/buildutil/Txt2Html.execute()V,R,7,4
org/apache/tomcat/buildutil/Txt2Html.execute()V,W,9,4
org/apache/tomcat/buildutil/Txt2Html.execute()V,R,9,4
org/apache/tomcat/buildutil/Txt2Html.execute()V,C,4,5
org/apache/tomcat/buildutil/Txt2Html.execute()V,R,8,5
org/apache/tomcat/buildutil/Txt2Html.execute()V,R,9,5
org/apache/tomcat/buildutil/Txt2Html.execute()V,C,5,10
org/apache/tomcat/buildutil/Txt2Html.execute()V,C,10,3
org/apache/tomcat/buildutil/Txt2Html.execute()V,R,7,3
org/apache/tomcat/buildutil/Txt2Html.execute()V,R,6,3
org/apache/tomcat/buildutil/Txt2Html.execute()V,C,3,4
org/apache/tomcat/buildutil/Txt2Html.execute()V,R,5,4
org/apache/tomcat/buildutil/Txt2Html.execute()V,R,6,4
org/apache/tomcat/buildutil/Txt2Html.execute()V,R,7,4
org/apache/tomcat/buildutil/Txt2Html.execute()V,W,8,4
org/apache/tomcat/buildutil/Txt2Html.execute()V,R,0,4
org/apache/tomcat/buildutil/Txt2Html.execute()V,R,6,4
org/apache/tomcat/buildutil/Txt2Html.execute()V,R,7,4
org/apache/tomcat/buildutil/Txt2Html.execute()V,W,9,4
org/apache/tomcat/buildutil/Txt2Html.execute()V,R,9,4
org/apache/tomcat/buildutil/Txt2Html.execute()V,C,4,5
org/apache/tomcat/buildutil/Txt2Html.execute()V,R,8,5
org/apache/tomcat/buildutil/Txt2Html.execute()V,R,9,5
org/apache/tomcat/buildutil/Txt2Html.execute()V,C,5,10
org/apache/tomcat/buildutil/Txt2Html.execute()V,C,10,3
org/apache/tomcat/buildutil/Txt2Html.execute()V,R,7,3
org/apache/tomcat/buildutil/Txt2Html.execute()V,R,6,3
org/apache/tomcat/buildutil/Txt2Html.execute()V,C,3,4
org/apache/tomcat/buildutil/Txt2Html.execute()V,R,5,4
org/apache/tomcat/buildutil/Txt2Html.execute()V,R,6,4
org/apache/tomcat/buildutil/Txt2Html.execute()V,R,7,4
org/apache/tomcat/buildutil/Txt2Html.execute()V,W,8,4
org/apache/tomcat/buildutil/Txt2Html.execute()V,R,0,4
org/apache/tomcat/buildutil/Txt2Html.execute()V,R,6,4
org/apache/tomcat/buildutil/Txt2Html.execute()V,R,7,4
org/apache/tomcat/buildutil/Txt2Html.execute()V,W,9,4
org/apache/tomcat/buildutil/Txt2Html.execute()V,R,9,4
org/apache/tomcat/buildutil/Txt2Html.execute()V,C,4,5
org/apache/tomcat/buildutil/Txt2Html.execute()V,R,8,5
org/apache/tomcat/buildutil/Txt2Html.execute()V,R,9,5
org/apache/tomcat/buildutil/Txt2Html.execute()V,C,5,10
org/apache/tomcat/buildutil/Txt2Html.execute()V,C,10,3
org/apache/tomcat/buildutil/Txt2Html.execute()V,R,7,3
org/apache/tomcat/buildutil/Txt2Html.execute()V,R,6,3
org/apache/tomcat/buildutil/Txt2Html.execute()V,C,3,4
org/apache/tomcat/buildutil/Txt2Html.execute()V,R,5,4
org/apache/tomcat/buildutil/Txt2Html.execute()V,R,6,4
org/apache/tomcat/buildutil/Txt2Html.execute()V,R,7,4
org/apache/tomcat/buildutil/Txt2Html.execute()V,W,8,4
org/apache/tomcat/buildutil/Txt2Html.execute()V,R,0,4
org/apache/tomcat/buildutil/Txt2Html.execute()V,R,6,4
org/apache/tomcat/buildutil/Txt2Html.execute()V,R,7,4
org/apache/tomcat/buildutil/Txt2Html.execute()V,W,9,4
org/apache/tomcat/buildutil/Txt2Html.execute()V,R,9,4
org/apache/tomcat/buildutil/Txt2Html.execute()V,C,4,5
org/apache/tomcat/buildutil/Txt2Html.execute()V,R,8,5
org/apache/tomcat/buildutil/Txt2Html.execute()V,R,9,5
org/apache/tomcat/buildutil/Txt2Html.execute()V,C,5,10
org/apache/tomcat/buildutil/Txt2Html.execute()V,C,10,3
org/apache/tomcat/buildutil/Txt2Html.execute()V,R,7,3
org/apache/tomcat/buildutil/Txt2Html.execute()V,R,6,3
org/apache/tomcat/buildutil/Txt2Html.execute()V,C,3,4
org/apache/tomcat/buildutil/Txt2Html.execute()V,R,5,4
org/apache/tomcat/buildutil/Txt2Html.execute()V,R,6,4
org/apache/tomcat/buildutil/Txt2Html.execute()V,R,7,4
org/apache/tomcat/buildutil/Txt2Html.execute()V,W,8,4
org/apache/tomcat/buildutil/Txt2Html.execute()V,R,0,4
org/apache/tomcat/buildutil/Txt2Html.execute()V,R,6,4
org/apache/tomcat/buildutil/Txt2Html.execute()V,R,7,4
org/apache/tomcat/buildutil/Txt2Html.execute()V,W,9,4
org/apache/tomcat/buildutil/Txt2Html.execute()V,R,9,4
org/apache/tomcat/buildutil/Txt2Html.execute()V,C,4,5
org/apache/tomcat/buildutil/Txt2Html.execute()V,R,8,5
org/apache/tomcat/buildutil/Txt2Html.execute()V,R,9,5
org/apache/tomcat/buildutil/Txt2Html.execute()V,C,5,10
org/apache/tomcat/buildutil/Txt2Html.execute()V,C,10,3
org/apache/tomcat/buildutil/Txt2Html.execute()V,R,7,3
org/apache/tomcat/buildutil/Txt2Html.execute()V,R,6,3
org/apache/tomcat/buildutil/Txt2Html.execute()V,C,3,4
org/apache/tomcat/buildutil/Txt2Html.execute()V,R,5,4
org/apache/tomcat/buildutil/Txt2Html.execute()V,R,6,4
org/apache/tomcat/buildutil/Txt2Html.execute()V,R,7,4
org/apache/tomcat/buildutil/Txt2Html.execute()V,W,8,4
org/apache/tomcat/buildutil/Txt2Html.execute()V,R,0,4
org/apache/tomcat/buildutil/Txt2Html.execute()V,R,6,4
org/apache/tomcat/buildutil/Txt2Html.execute()V,R,7,4
org/apache/tomcat/buildutil/Txt2Html.execute()V,W,9,4
org/apache/tomcat/buildutil/Txt2Html.execute()V,R,9,4
org/apache/tomcat/buildutil/Txt2Html.execute()V,C,4,5
org/apache/tomcat/buildutil/Txt2Html.execute()V,R,8,5
org/apache/tomcat/buildutil/Txt2Html.execute()V,R,9,5
org/apache/tomcat/buildutil/Txt2Html.execute()V,C,5,10
org/apache/tomcat/buildutil/Txt2Html.execute()V,C,10,3
org/apache/tomcat/buildutil/Txt2Html.execute()V,R,7,3
org/apache/tomcat/buildutil/Txt2Html.execute()V,R,6,3
org/apache/tomcat/buildutil/Txt2Html.execute()V,C,3,4
org/apache/tomcat/buildutil/Txt2Html.execute()V,R,5,4
org/apache/tomcat/buildutil/Txt2Html.execute()V,R,6,4
org/apache/tomcat/buildutil/Txt2Html.execute()V,R,7,4
org/apache/tomcat/buildutil/Txt2Html.execute()V,W,8,4
org/apache/tomcat/buildutil/Txt2Html.execute()V,R,0,4
org/apache/tomcat/buildutil/Txt2Html.execute()V,R,6,4
org/apache/tomcat/buildutil/Txt2Html.execute()V,R,7,4
org/apache/tomcat/buildutil/Txt2Html.execute()V,W,9,4
org/apache/tomcat/buildutil/Txt2Html.execute()V,R,9,4
org/apache/tomcat/buildutil/Txt2Html.execute()V,C,4,5
org/apache/tomcat/buildutil/Txt2Html.execute()V,R,8,5
org/apache/tomcat/buildutil/Txt2Html.execute()V,R,9,5
org/apache/tomcat/buildutil/Txt2Html.execute()V,C,5,10
org/apache/tomcat/buildutil/Txt2Html.execute()V,C,10,3
org/apache/tomcat/buildutil/Txt2Html.execute()V,R,7,3
org/apache/tomcat/buildutil/Txt2Html.execute()V,R,6,3
org/apache/tomcat/buildutil/Txt2Html.execute()V,C,3,4
org/apache/tomcat/buildutil/Txt2Html.execute()V,R,5,4
org/apache/tomcat/buildutil/Txt2Html.execute()V,R,6,4
org/apache/tomcat/buildutil/Txt2Html.execute()V,R,7,4
org/apache/tomcat/buildutil/Txt2Html.execute()V,W,8,4
org/apache/tomcat/buildutil/Txt2Html.execute()V,R,0,4
org/apache/tomcat/buildutil/Txt2Html.execute()V,R,6,4
org/apache/tomcat/buildutil/Txt2Html.execute()V,R,7,4
org/apache/tomcat/buildutil/Txt2Html.execute()V,W,9,4
org/apache/tomcat/buildutil/Txt2Html.execute()V,R,9,4
org/apache/tomcat/buildutil/Txt2Html.execute()V,C,4,5
org/apache/tomcat/buildutil/Txt2Html.execute()V,R,8,5
org/apache/tomcat/buildutil/Txt2Html.execute()V,R,9,5
org/apache/tomcat/buildutil/Txt2Html.execute()V,C,5,10
org/apache/tomcat/buildutil/Txt2Html.execute()V,C,10,3
org/apache/tomcat/buildutil/Txt2Html.execute()V,R,7,3
org/apache/tomcat/buildutil/Txt2Html.execute()V,R,6,3
org/apache/tomcat/buildutil/Txt2Html.execute()V,C,3,4
org/apache/tomcat/buildutil/Txt2Html.execute()V,R,5,4
org/apache/tomcat/buildutil/Txt2Html.execute()V,R,6,4
org/apache/tomcat/buildutil/Txt2Html.execute()V,R,7,4
org/apache/tomcat/buildutil/Txt2Html.execute()V,W,8,4
org/apache/tomcat/buildutil/Txt2Html.execute()V,R,0,4
org/apache/tomcat/buildutil/Txt2Html.execute()V,R,6,4
org/apache/tomcat/buildutil/Txt2Html.execute()V,R,7,4
org/apache/tomcat/buildutil/Txt2Html.execute()V,W,9,4
org/apache/tomcat/buildutil/Txt2Html.execute()V,R,9,4
org/apache/tomcat/buildutil/Txt2Html.execute()V,C,4,5
org/apache/tomcat/buildutil/Txt2Html.execute()V,R,8,5
org/apache/tomcat/buildutil/Txt2Html.execute()V,R,9,5
org/apache/tomcat/buildutil/Txt2Html.execute()V,C,5,10
org/apache/tomcat/buildutil/Txt2Html.execute()V,C,10,3
org/apache/tomcat/buildutil/Txt2Html.execute()V,R,7,3
org/apache/tomcat/buildutil/Txt2Html.execute()V,R,6,3
org/apache/tomcat/buildutil/Txt2Html.execute()V,C,3,4
org/apache/tomcat/buildutil/Txt2Html.execute()V,R,5,4
org/apache/tomcat/buildutil/Txt2Html.execute()V,R,6,4
org/apache/tomcat/buildutil/Txt2Html.execute()V,R,7,4
org/apache/tomcat/buildutil/Txt2Html.execute()V,W,8,4
org/apache/tomcat/buildutil/Txt2Html.execute()V,R,0,4
org/apache/tomcat/buildutil/Txt2Html.execute()V,R,6,4
org/apache/tomcat/buildutil/Txt2Html.execute()V,R,7,4
org/apache/tomcat/buildutil/Txt2Html.execute()V,W,9,4
org/apache/tomcat/buildutil/Txt2Html.execute()V,R,9,4
org/apache/tomcat/buildutil/Txt2Html.execute()V,C,4,5
org/apache/tomcat/buildutil/Txt2Html.execute()V,R,8,5
org/apache/tomcat/buildutil/Txt2Html.execute()V,R,9,5
org/apache/tomcat/buildutil/Txt2Html.execute()V,C,5,10
org/apache/tomcat/buildutil/Txt2Html.execute()V,C,10,3
org/apache/tomcat/buildutil/Txt2Html.execute()V,R,7,3
org/apache/tomcat/buildutil/Txt2Html.execute()V,R,6,3
org/apache/tomcat/buildutil/Txt2Html.execute()V,C,3,4
org/apache/tomcat/buildutil/Txt2Html.execute()V,R,5,4
org/apache/tomcat/buildutil/Txt2Html.execute()V,R,6,4
org/apache/tomcat/buildutil/Txt2Html.execute()V,R,7,4
org/apache/tomcat/buildutil/Txt2Html.execute()V,W,8,4
org/apache/tomcat/buildutil/Txt2Html.execute()V,R,0,4
org/apache/tomcat/buildutil/Txt2Html.execute()V,R,6,4
org/apache/tomcat/buildutil/Txt2Html.execute()V,R,7,4
org/apache/tomcat/buildutil/Txt2Html.execute()V,W,9,4
org/apache/tomcat/buildutil/Txt2Html.execute()V,R,9,4
org/apache/tomcat/buildutil/Txt2Html.execute()V,C,4,5
org/apache/tomcat/buildutil/Txt2Html.execute()V,R,8,5
org/apache/tomcat/buildutil/Txt2Html.execute()V,R,9,5
org/apache/tomcat/buildutil/Txt2Html.execute()V,C,5,10
org/apache/tomcat/buildutil/Txt2Html.execute()V,C,10,3
org/apache/tomcat/buildutil/Txt2Html.execute()V,R,7,3
org/apache/tomcat/buildutil/Txt2Html.execute()V,R,6,3
org/apache/tomcat/buildutil/Txt2Html.execute()V,C,3,4
org/apache/tomcat/buildutil/Txt2Html.execute()V,R,5,4
org/apache/tomcat/buildutil/Txt2Html.execute()V,R,6,4
org/apache/tomcat/buildutil/Txt2Html.execute()V,R,7,4
org/apache/tomcat/buildutil/Txt2Html.execute()V,W,8,4
org/apache/tomcat/buildutil/Txt2Html.execute()V,R,0,4
org/apache/tomcat/buildutil/Txt2Html.execute()V,R,6,4
org/apache/tomcat/buildutil/Txt2Html.execute()V,R,7,4
org/apache/tomcat/buildutil/Txt2Html.execute()V,W,9,4
org/apache/tomcat/buildutil/Txt2Html.execute()V,R,9,4
org/apache/tomcat/buildutil/Txt2Html.execute()V,C,4,5
org/apache/tomcat/buildutil/Txt2Html.execute()V,R,8,5
org/apache/tomcat/buildutil/Txt2Html.execute()V,R,9,5
org/apache/tomcat/buildutil/Txt2Html.execute()V,C,5,10
org/apache/tomcat/buildutil/Txt2Html.execute()V,C,10,3
org/apache/tomcat/buildutil/Txt2Html.execute()V,R,7,3
org/apache/tomcat/buildutil/Txt2Html.execute()V,R,6,3
org/apache/tomcat/buildutil/Txt2Html.execute()V,C,3,4
org/apache/tomcat/buildutil/Txt2Html.execute()V,R,5,4
org/apache/tomcat/buildutil/Txt2Html.execute()V,R,6,4
org/apache/tomcat/buildutil/Txt2Html.execute()V,R,7,4
org/apache/tomcat/buildutil/Txt2Html.execute()V,W,8,4
org/apache/tomcat/buildutil/Txt2Html.execute()V,R,0,4
org/apache/tomcat/buildutil/Txt2Html.execute()V,R,6,4
org/apache/tomcat/buildutil/Txt2Html.execute()V,R,7,4
org/apache/tomcat/buildutil/Txt2Html.execute()V,W,9,4
org/apache/tomcat/buildutil/Txt2Html.execute()V,R,9,4
org/apache/tomcat/buildutil/Txt2Html.execute()V,C,4,5
org/apache/tomcat/buildutil/Txt2Html.execute()V,R,8,5
org/apache/tomcat/buildutil/Txt2Html.execute()V,R,9,5
org/apache/tomcat/buildutil/Txt2Html.execute()V,C,5,10
org/apache/tomcat/buildutil/Txt2Html.execute()V,C,10,3
org/apache/tomcat/buildutil/Txt2Html.execute()V,R,7,3
org/apache/tomcat/buildutil/Txt2Html.execute()V,R,6,3
org/apache/tomcat/buildutil/Txt2Html.execute()V,C,3,4
org/apache/tomcat/buildutil/Txt2Html.execute()V,R,5,4
org/apache/tomcat/buildutil/Txt2Html.execute()V,R,6,4
org/apache/tomcat/buildutil/Txt2Html.execute()V,R,7,4
org/apache/tomcat/buildutil/Txt2Html.execute()V,W,8,4
org/apache/tomcat/buildutil/Txt2Html.execute()V,R,0,4
org/apache/tomcat/buildutil/Txt2Html.execute()V,R,6,4
org/apache/tomcat/buildutil/Txt2Html.execute()V,R,7,4
org/apache/tomcat/buildutil/Txt2Html.execute()V,W,9,4
org/apache/tomcat/buildutil/Txt2Html.execute()V,R,9,4
org/apache/tomcat/buildutil/Txt2Html.execute()V,C,4,5
org/apache/tomcat/buildutil/Txt2Html.execute()V,R,8,5
org/apache/tomcat/buildutil/Txt2Html.execute()V,R,9,5
org/apache/tomcat/buildutil/Txt2Html.execute()V,C,5,10
org/apache/tomcat/buildutil/Txt2Html.execute()V,C,10,3
org/apache/tomcat/buildutil/Txt2Html.execute()V,R,7,3
org/apache/tomcat/buildutil/Txt2Html.execute()V,R,6,3
org/apache/tomcat/buildutil/Txt2Html.execute()V,C,3,4
org/apache/tomcat/buildutil/Txt2Html.execute()V,R,5,4
org/apache/tomcat/buildutil/Txt2Html.execute()V,R,6,4
org/apache/tomcat/buildutil/Txt2Html.execute()V,R,7,4
org/apache/tomcat/buildutil/Txt2Html.execute()V,W,8,4
org/apache/tomcat/buildutil/Txt2Html.execute()V,R,0,4
org/apache/tomcat/buildutil/Txt2Html.execute()V,R,6,4
org/apache/tomcat/buildutil/Txt2Html.execute()V,R,7,4
org/apache/tomcat/buildutil/Txt2Html.execute()V,W,9,4
org/apache/tomcat/buildutil/Txt2Html.execute()V,R,9,4
org/apache/tomcat/buildutil/Txt2Html.execute()V,C,4,5
org/apache/tomcat/buildutil/Txt2Html.execute()V,R,8,5
org/apache/tomcat/buildutil/Txt2Html.execute()V,R,9,5
org/apache/tomcat/buildutil/Txt2Html.execute()V,C,5,10
org/apache/tomcat/buildutil/Txt2Html.execute()V,C,10,3
org/apache/tomcat/buildutil/Txt2Html.execute()V,R,7,3
org/apache/tomcat/buildutil/Txt2Html.execute()V,R,6,3
org/apache/tomcat/buildutil/Txt2Html.execute()V,C,3,4
org/apache/tomcat/buildutil/Txt2Html.execute()V,R,5,4
org/apache/tomcat/buildutil/Txt2Html.execute()V,R,6,4
org/apache/tomcat/buildutil/Txt2Html.execute()V,R,7,4
org/apache/tomcat/buildutil/Txt2Html.execute()V,W,8,4
org/apache/tomcat/buildutil/Txt2Html.execute()V,R,0,4
org/apache/tomcat/buildutil/Txt2Html.execute()V,R,6,4
org/apache/tomcat/buildutil/Txt2Html.execute()V,R,7,4
org/apache/tomcat/buildutil/Txt2Html.execute()V,W,9,4
org/apache/tomcat/buildutil/Txt2Html.execute()V,R,9,4
org/apache/tomcat/buildutil/Txt2Html.execute()V,C,4,5
org/apache/tomcat/buildutil/Txt2Html.execute()V,R,8,5
org/apache/tomcat/buildutil/Txt2Html.execute()V,R,9,5
org/apache/tomcat/buildutil/Txt2Html.execute()V,C,5,10
org/apache/tomcat/buildutil/Txt2Html.execute()V,C,10,3
org/apache/tomcat/buildutil/Txt2Html.execute()V,R,7,3
org/apache/tomcat/buildutil/Txt2Html.execute()V,R,6,3
org/apache/tomcat/buildutil/Txt2Html.execute()V,C,3,4
org/apache/tomcat/buildutil/Txt2Html.execute()V,R,5,4
org/apache/tomcat/buildutil/Txt2Html.execute()V,R,6,4
org/apache/tomcat/buildutil/Txt2Html.execute()V,R,7,4
org/apache/tomcat/buildutil/Txt2Html.execute()V,W,8,4
org/apache/tomcat/buildutil/Txt2Html.execute()V,R,0,4
org/apache/tomcat/buildutil/Txt2Html.execute()V,R,6,4
org/apache/tomcat/buildutil/Txt2Html.execute()V,R,7,4
org/apache/tomcat/buildutil/Txt2Html.execute()V,W,9,4
org/apache/tomcat/buildutil/Txt2Html.execute()V,R,9,4
org/apache/tomcat/buildutil/Txt2Html.execute()V,C,4,5
org/apache/tomcat/buildutil/Txt2Html.execute()V,R,8,5
org/apache/tomcat/buildutil/Txt2Html.execute()V,R,9,5
org/apache/tomcat/buildutil/Txt2Html.execute()V,C,5,10
org/apache/tomcat/buildutil/Txt2Html.execute()V,C,10,3
org/apache/tomcat/buildutil/Txt2Html.execute()V,R,7,3
org/apache/tomcat/buildutil/Txt2Html.execute()V,R,6,3
org/apache/tomcat/buildutil/Txt2Html.execute()V,C,3,4
org/apache/tomcat/buildutil/Txt2Html.execute()V,R,5,4
org/apache/tomcat/buildutil/Txt2Html.execute()V,R,6,4
org/apache/tomcat/buildutil/Txt2Html.execute()V,R,7,4
org/apache/tomcat/buildutil/Txt2Html.execute()V,W,8,4
org/apache/tomcat/buildutil/Txt2Html.execute()V,R,0,4
org/apache/tomcat/buildutil/Txt2Html.execute()V,R,6,4
org/apache/tomcat/buildutil/Txt2Html.execute()V,R,7,4
org/apache/tomcat/buildutil/Txt2Html.execute()V,W,9,4
org/apache/tomcat/buildutil/Txt2Html.execute()V,R,9,4
org/apache/tomcat/buildutil/Txt2Html.execute()V,C,4,5
org/apache/tomcat/buildutil/Txt2Html.execute()V,R,8,5
org/apache/tomcat/buildutil/Txt2Html.execute()V,R,9,5
org/apache/tomcat/buildutil/Txt2Html.execute()V,C,5,10
org/apache/tomcat/buildutil/Txt2Html.execute()V,C,10,3
org/apache/tomcat/buildutil/Txt2Html.execute()V,R,7,3
org/apache/tomcat/buildutil/Txt2Html.execute()V,R,6,3
org/apache/tomcat/buildutil/Txt2Html.execute()V,C,3,4
org/apache/tomcat/buildutil/Txt2Html.execute()V,R,5,4
org/apache/tomcat/buildutil/Txt2Html.execute()V,R,6,4
org/apache/tomcat/buildutil/Txt2Html.execute()V,R,7,4
org/apache/tomcat/buildutil/Txt2Html.execute()V,W,8,4
org/apache/tomcat/buildutil/Txt2Html.execute()V,R,0,4
org/apache/tomcat/buildutil/Txt2Html.execute()V,R,6,4
org/apache/tomcat/buildutil/Txt2Html.execute()V,R,7,4
org/apache/tomcat/buildutil/Txt2Html.execute()V,W,9,4
org/apache/tomcat/buildutil/Txt2Html.execute()V,R,9,4
org/apache/tomcat/buildutil/Txt2Html.execute()V,C,4,5
org/apache/tomcat/buildutil/Txt2Html.execute()V,R,8,5
org/apache/tomcat/buildutil/Txt2Html.execute()V,R,9,5
org/apache/tomcat/buildutil/Txt2Html.execute()V,C,5,10
org/apache/tomcat/buildutil/Txt2Html.execute()V,C,10,3
org/apache/tomcat/buildutil/Txt2Html.execute()V,R,7,3
org/apache/tomcat/buildutil/Txt2Html.execute()V,R,6,3
org/apache/tomcat/buildutil/Txt2Html.execute()V,C,3,4
org/apache/tomcat/buildutil/Txt2Html.execute()V,R,5,4
org/apache/tomcat/buildutil/Txt2Html.execute()V,R,6,4
org/apache/tomcat/buildutil/Txt2Html.execute()V,R,7,4
org/apache/tomcat/buildutil/Txt2Html.execute()V,W,8,4
org/apache/tomcat/buildutil/Txt2Html.execute()V,R,0,4
org/apache/tomcat/buildutil/Txt2Html.execute()V,R,6,4
org/apache/tomcat/buildutil/Txt2Html.execute()V,R,7,4
org/apache/tomcat/buildutil/Txt2Html.execute()V,W,9,4
org/apache/tomcat/buildutil/Txt2Html.execute()V,R,9,4
org/apache/tomcat/buildutil/Txt2Html.execute()V,C,4,5
org/apache/tomcat/buildutil/Txt2Html.execute()V,R,8,5
org/apache/tomcat/buildutil/Txt2Html.execute()V,R,9,5
org/apache/tomcat/buildutil/Txt2Html.execute()V,C,5,10
org/apache/tomcat/buildutil/Txt2Html.execute()V,C,10,3
org/apache/tomcat/buildutil/Txt2Html.execute()V,R,7,3
org/apache/tomcat/buildutil/Txt2Html.execute()V,R,6,3
org/apache/tomcat/buildutil/Txt2Html.execute()V,C,3,4
org/apache/tomcat/buildutil/Txt2Html.execute()V,R,5,4
org/apache/tomcat/buildutil/Txt2Html.execute()V,R,6,4
org/apache/tomcat/buildutil/Txt2Html.execute()V,R,7,4
org/apache/tomcat/buildutil/Txt2Html.execute()V,W,8,4
org/apache/tomcat/buildutil/Txt2Html.execute()V,R,0,4
org/apache/tomcat/buildutil/Txt2Html.execute()V,R,6,4
org/apache/tomcat/buildutil/Txt2Html.execute()V,R,7,4
org/apache/tomcat/buildutil/Txt2Html.execute()V,W,9,4
org/apache/tomcat/buildutil/Txt2Html.execute()V,R,9,4
org/apache/tomcat/buildutil/Txt2Html.execute()V,C,4,5
org/apache/tomcat/buildutil/Txt2Html.execute()V,R,8,5
org/apache/tomcat/buildutil/Txt2Html.execute()V,R,9,5
org/apache/tomcat/buildutil/Txt2Html.execute()V,C,5,10
org/apache/tomcat/buildutil/Txt2Html.execute()V,C,10,3
org/apache/tomcat/buildutil/Txt2Html.execute()V,R,7,3
org/apache/tomcat/buildutil/Txt2Html.execute()V,R,6,3
org/apache/tomcat/buildutil/Txt2Html.execute()V,C,3,4
org/apache/tomcat/buildutil/Txt2Html.execute()V,R,5,4
org/apache/tomcat/buildutil/Txt2Html.execute()V,R,6,4
org/apache/tomcat/buildutil/Txt2Html.execute()V,R,7,4
org/apache/tomcat/buildutil/Txt2Html.execute()V,W,8,4
org/apache/tomcat/buildutil/Txt2Html.execute()V,R,0,4
org/apache/tomcat/buildutil/Txt2Html.execute()V,R,6,4
org/apache/tomcat/buildutil/Txt2Html.execute()V,R,7,4
org/apache/tomcat/buildutil/Txt2Html.execute()V,W,9,4
org/apache/tomcat/buildutil/Txt2Html.execute()V,R,9,4
org/apache/tomcat/buildutil/Txt2Html.execute()V,C,4,5
org/apache/tomcat/buildutil/Txt2Html.execute()V,R,8,5
org/apache/tomcat/buildutil/Txt2Html.execute()V,R,9,5
org/apache/tomcat/buildutil/Txt2Html.execute()V,C,5,10
org/apache/tomcat/buildutil/Txt2Html.execute()V,C,10,3
org/apache/tomcat/buildutil/Txt2Html.execute()V,R,7,3
org/apache/tomcat/buildutil/Txt2Html.execute()V,R,6,3
org/apache/tomcat/buildutil/Txt2Html.execute()V,C,3,4
org/apache/tomcat/buildutil/Txt2Html.execute()V,R,5,4
org/apache/tomcat/buildutil/Txt2Html.execute()V,R,6,4
org/apache/tomcat/buildutil/Txt2Html.execute()V,R,7,4
org/apache/tomcat/buildutil/Txt2Html.execute()V,W,8,4
org/apache/tomcat/buildutil/Txt2Html.execute()V,R,0,4
org/apache/tomcat/buildutil/Txt2Html.execute()V,R,6,4
org/apache/tomcat/buildutil/Txt2Html.execute()V,R,7,4
org/apache/tomcat/buildutil/Txt2Html.execute()V,W,9,4
org/apache/tomcat/buildutil/Txt2Html.execute()V,R,9,4
org/apache/tomcat/buildutil/Txt2Html.execute()V,C,4,5
org/apache/tomcat/buildutil/Txt2Html.execute()V,R,8,5
org/apache/tomcat/buildutil/Txt2Html.execute()V,R,9,5
org/apache/tomcat/buildutil/Txt2Html.execute()V,C,5,10
org/apache/tomcat/buildutil/Txt2Html.execute()V,C,10,3
org/apache/tomcat/buildutil/Txt2Html.execute()V,R,7,3
org/apache/tomcat/buildutil/Txt2Html.execute()V,R,6,3
org/apache/tomcat/buildutil/Txt2Html.execute()V,C,3,4
org/apache/tomcat/buildutil/Txt2Html.execute()V,R,5,4
org/apache/tomcat/buildutil/Txt2Html.execute()V,R,6,4
org/apache/tomcat/buildutil/Txt2Html.execute()V,R,7,4
org/apache/tomcat/buildutil/Txt2Html.execute()V,W,8,4
org/apache/tomcat/buildutil/Txt2Html.execute()V,R,0,4
org/apache/tomcat/buildutil/Txt2Html.execute()V,R,6,4
org/apache/tomcat/buildutil/Txt2Html.execute()V,R,7,4
org/apache/tomcat/buildutil/Txt2Html.execute()V,W,9,4
org/apache/tomcat/buildutil/Txt2Html.execute()V,R,9,4
org/apache/tomcat/buildutil/Txt2Html.execute()V,C,4,5
org/apache/tomcat/buildutil/Txt2Html.execute()V,R,8,5
org/apache/tomcat/buildutil/Txt2Html.execute()V,R,9,5
org/apache/tomcat/buildutil/Txt2Html.execute()V,C,5,10
org/apache/tomcat/buildutil/Txt2Html.execute()V,C,10,3
org/apache/tomcat/buildutil/Txt2Html.execute()V,R,7,3
org/apache/tomcat/buildutil/Txt2Html.execute()V,R,6,3
org/apache/tomcat/buildutil/Txt2Html.execute()V,C,3,4
org/apache/tomcat/buildutil/Txt2Html.execute()V,R,5,4
org/apache/tomcat/buildutil/Txt2Html.execute()V,R,6,4
org/apache/tomcat/buildutil/Txt2Html.execute()V,R,7,4
org/apache/tomcat/buildutil/Txt2Html.execute()V,W,8,4
org/apache/tomcat/buildutil/Txt2Html.execute()V,R,0,4
org/apache/tomcat/buildutil/Txt2Html.execute()V,R,6,4
org/apache/tomcat/buildutil/Txt2Html.execute()V,R,7,4
org/apache/tomcat/buildutil/Txt2Html.execute()V,W,9,4
org/apache/tomcat/buildutil/Txt2Html.execute()V,R,9,4
org/apache/tomcat/buildutil/Txt2Html.execute()V,C,4,5
org/apache/tomcat/buildutil/Txt2Html.execute()V,R,8,5
org/apache/tomcat/buildutil/Txt2Html.execute()V,R,9,5
org/apache/tomcat/buildutil/Txt2Html.execute()V,C,5,10
org/apache/tomcat/buildutil/Txt2Html.execute()V,C,10,3
org/apache/tomcat/buildutil/Txt2Html.execute()V,R,7,3
org/apache/tomcat/buildutil/Txt2Html.execute()V,R,6,3
org/apache/tomcat/buildutil/Txt2Html.execute()V,C,3,11
org/apache/tomcat/buildutil/Txt2Html.execute()V,R,1,11
org/apache/tomcat/buildutil/Txt2Html.execute()V,C,11,16
org/apache/tomcat/buildutil/Txt2Html.execute()V,C,16,1
org/apache/tomcat/buildutil/Txt2Html.execute()V,R,2,1
org/apache/tomcat/buildutil/Txt2Html.execute()V,C,1,17
